DEBUG Druid-ConnectionPool-Create-1509185872 druid.sql.Connection - {conn-10001,procId-80} connected
DEBUG main druid.sql.Connection - {conn-10001} pool-connect
DEBUG main druid.sql.Statement - {conn-10001, pstmt-20000} created. select id, username, password, email, phone, team from vtauth.user;
DEBUG main druid.sql.Statement - {conn-10001, pstmt-20000} Parameters : []
DEBUG main druid.sql.Statement - {conn-10001, pstmt-20000} Types : []
DEBUG main druid.sql.Statement - {conn-10001, pstmt-20000} executed. 15.658378 millis. select id, username, password, email, phone, team from vtauth.user;
DEBUG main druid.sql.ResultSet - {conn-10001, pstmt-20000, rs-50000} open
DEBUG main druid.sql.ResultSet - {conn-10001, pstmt-20000, rs-50000} Header: [id, username, password, email, phone, team]
DEBUG main druid.sql.ResultSet - {conn-10001, pstmt-20000, rs-50000} Result: [1, admin, $2a$10$Ka/t9IiRxTAgaYAhhbgWKefb.8usnIGO0V138WGrp3b0BgMmY0zpW, shawn.sun@v-test.com.cn, 13162521169, IT]
DEBUG main druid.sql.ResultSet - {conn-10001, pstmt-20000, rs-50000} closed
DEBUG main druid.sql.Statement - {conn-10001, pstmt-20000} clearParameters. 
DEBUG main druid.sql.Connection - {conn-10001} pool-recycle
DEBUG Thread-5 druid.sql.Statement - {conn-10001, pstmt-20000} closed
DEBUG Thread-5 druid.sql.Connection - {conn-10001} closed
DEBUG Druid-ConnectionPool-Create-2020725345 druid.sql.Connection - {conn-10001,procId-81} connected
DEBUG main druid.sql.Connection - {conn-10001} pool-connect
DEBUG main druid.sql.Statement - {conn-10001, pstmt-20000} created. select id, username, password, email, phone, team from vtauth.user;
DEBUG main druid.sql.Statement - {conn-10001, pstmt-20000} Parameters : []
DEBUG main druid.sql.Statement - {conn-10001, pstmt-20000} Types : []
DEBUG main druid.sql.Statement - {conn-10001, pstmt-20000} executed. 24.396966 millis. select id, username, password, email, phone, team from vtauth.user;
DEBUG main druid.sql.ResultSet - {conn-10001, pstmt-20000, rs-50000} open
DEBUG main druid.sql.ResultSet - {conn-10001, pstmt-20000, rs-50000} Header: [id, username, password, email, phone, team]
DEBUG main druid.sql.ResultSet - {conn-10001, pstmt-20000, rs-50000} Result: [1, admin, $2a$10$Ka/t9IiRxTAgaYAhhbgWKefb.8usnIGO0V138WGrp3b0BgMmY0zpW, shawn.sun@v-test.com.cn, 13162521169, IT]
DEBUG main druid.sql.Statement - {conn-10001, pstmt-20001} created. select id, name,description from vtauth.role where id in (select distinct roles_id from vtauth.user_roles where user_id =?)
DEBUG main druid.sql.Statement - {conn-10001, pstmt-20001} Parameters : [1]
DEBUG main druid.sql.Statement - {conn-10001, pstmt-20001} Types : [INTEGER]
DEBUG main druid.sql.Statement - {conn-10001, pstmt-20001} executed. 3.895716 millis. select id, name,description from vtauth.role where id in (select distinct roles_id from vtauth.user_roles where user_id =?)
DEBUG main druid.sql.ResultSet - {conn-10001, pstmt-20001, rs-50001} open
DEBUG main druid.sql.ResultSet - {conn-10001, pstmt-20001, rs-50001} Header: [id, name, description]
DEBUG main druid.sql.ResultSet - {conn-10001, pstmt-20001, rs-50001} Result: [1, ROLE_NORMAL, ROLE_NORMAL]
DEBUG main druid.sql.ResultSet - {conn-10001, pstmt-20001, rs-50001} Result: [2, ROLE_ADMIN, ROLE_ADMIN]
DEBUG main druid.sql.ResultSet - {conn-10001, pstmt-20001, rs-50001} closed
DEBUG main druid.sql.Statement - {conn-10001, pstmt-20001} clearParameters. 
DEBUG main druid.sql.ResultSet - {conn-10001, pstmt-20000, rs-50000} Result: [2, normal, $2a$10$Ka/t9IiRxTAgaYAhhbgWKefb.8usnIGO0V138WGrp3b0BgMmY0zpW, shawn.sun@v-test.com.cn, 13162521169, IT]
DEBUG main druid.sql.Statement - {conn-10001, pstmt-20001} Parameters : [2]
DEBUG main druid.sql.Statement - {conn-10001, pstmt-20001} Types : [INTEGER]
DEBUG main druid.sql.Statement - {conn-10001, pstmt-20001} executed. 3.092339 millis. select id, name,description from vtauth.role where id in (select distinct roles_id from vtauth.user_roles where user_id =?)
DEBUG main druid.sql.ResultSet - {conn-10001, pstmt-20001, rs-50002} open
DEBUG main druid.sql.ResultSet - {conn-10001, pstmt-20001, rs-50002} Header: [id, name, description]
DEBUG main druid.sql.ResultSet - {conn-10001, pstmt-20001, rs-50002} closed
DEBUG main druid.sql.Statement - {conn-10001, pstmt-20001} clearParameters. 
DEBUG main druid.sql.ResultSet - {conn-10001, pstmt-20000, rs-50000} closed
DEBUG main druid.sql.Statement - {conn-10001, pstmt-20000} clearParameters. 
DEBUG main druid.sql.Connection - {conn-10001} pool-recycle
DEBUG Thread-5 druid.sql.Statement - {conn-10001, pstmt-20001} closed
DEBUG Thread-5 druid.sql.Statement - {conn-10001, pstmt-20000} closed
DEBUG Thread-5 druid.sql.Connection - {conn-10001} closed
DEBUG Druid-ConnectionPool-Create-1509185872 druid.sql.Connection - {conn-10001,procId-82} connected
DEBUG main druid.sql.Connection - {conn-10001} pool-connect
DEBUG main druid.sql.Statement - {conn-10001, pstmt-20000} created. select id, username, password, email, phone, team from vtauth.user;
DEBUG main druid.sql.Statement - {conn-10001, pstmt-20000} Parameters : []
DEBUG main druid.sql.Statement - {conn-10001, pstmt-20000} Types : []
DEBUG main druid.sql.Statement - {conn-10001, pstmt-20000} executed. 18.743464 millis. select id, username, password, email, phone, team from vtauth.user;
DEBUG main druid.sql.ResultSet - {conn-10001, pstmt-20000, rs-50000} open
DEBUG main druid.sql.ResultSet - {conn-10001, pstmt-20000, rs-50000} Header: [id, username, password, email, phone, team]
DEBUG main druid.sql.ResultSet - {conn-10001, pstmt-20000, rs-50000} Result: [1, admin, $2a$10$Ka/t9IiRxTAgaYAhhbgWKefb.8usnIGO0V138WGrp3b0BgMmY0zpW, shawn.sun@v-test.com.cn, 13162521169, IT]
DEBUG main druid.sql.Statement - {conn-10001, pstmt-20001} created. select id, name,description from vtauth.role where id in (select distinct roles_id from vtauth.user_roles where user_id =?)
DEBUG main druid.sql.Statement - {conn-10001, pstmt-20001} Parameters : [1]
DEBUG main druid.sql.Statement - {conn-10001, pstmt-20001} Types : [INTEGER]
DEBUG main druid.sql.Statement - {conn-10001, pstmt-20001} executed. 3.96142 millis. select id, name,description from vtauth.role where id in (select distinct roles_id from vtauth.user_roles where user_id =?)
DEBUG main druid.sql.ResultSet - {conn-10001, pstmt-20001, rs-50001} open
DEBUG main druid.sql.ResultSet - {conn-10001, pstmt-20001, rs-50001} Header: [id, name, description]
DEBUG main druid.sql.ResultSet - {conn-10001, pstmt-20001, rs-50001} Result: [1, ROLE_NORMAL, ROLE_NORMAL]
DEBUG main druid.sql.ResultSet - {conn-10001, pstmt-20001, rs-50001} Result: [2, ROLE_ADMIN, ROLE_ADMIN]
DEBUG main druid.sql.ResultSet - {conn-10001, pstmt-20001, rs-50001} closed
DEBUG main druid.sql.Statement - {conn-10001, pstmt-20001} clearParameters. 
DEBUG main druid.sql.ResultSet - {conn-10001, pstmt-20000, rs-50000} Result: [2, normal, $2a$10$Ka/t9IiRxTAgaYAhhbgWKefb.8usnIGO0V138WGrp3b0BgMmY0zpW, shawn.sun@v-test.com.cn, 13162521169, IT]
DEBUG main druid.sql.Statement - {conn-10001, pstmt-20001} Parameters : [2]
DEBUG main druid.sql.Statement - {conn-10001, pstmt-20001} Types : [INTEGER]
DEBUG main druid.sql.Statement - {conn-10001, pstmt-20001} executed. 2.826538 millis. select id, name,description from vtauth.role where id in (select distinct roles_id from vtauth.user_roles where user_id =?)
DEBUG main druid.sql.ResultSet - {conn-10001, pstmt-20001, rs-50002} open
DEBUG main druid.sql.ResultSet - {conn-10001, pstmt-20001, rs-50002} Header: [id, name, description]
DEBUG main druid.sql.ResultSet - {conn-10001, pstmt-20001, rs-50002} closed
DEBUG main druid.sql.Statement - {conn-10001, pstmt-20001} clearParameters. 
DEBUG main druid.sql.ResultSet - {conn-10001, pstmt-20000, rs-50000} closed
DEBUG main druid.sql.Statement - {conn-10001, pstmt-20000} clearParameters. 
DEBUG main druid.sql.Connection - {conn-10001} pool-recycle
DEBUG Thread-5 druid.sql.Statement - {conn-10001, pstmt-20001} closed
DEBUG Thread-5 druid.sql.Statement - {conn-10001, pstmt-20000} closed
DEBUG Thread-5 druid.sql.Connection - {conn-10001} closed
DEBUG Druid-ConnectionPool-Create-1327907419 druid.sql.Connection - {conn-10001,procId-83} connected
DEBUG main druid.sql.Connection - {conn-10001} pool-connect
DEBUG main druid.sql.Statement - {conn-10001, pstmt-20000} created. select id, username, password, email, phone, team from vtauth.user where username =?;
DEBUG main druid.sql.Statement - {conn-10001, pstmt-20000} Parameters : [admin]
DEBUG main druid.sql.Statement - {conn-10001, pstmt-20000} Types : [VARCHAR]
DEBUG main druid.sql.Statement - {conn-10001, pstmt-20000} executed. 15.485586 millis. select id, username, password, email, phone, team from vtauth.user where username =?;
DEBUG main druid.sql.ResultSet - {conn-10001, pstmt-20000, rs-50000} open
DEBUG main druid.sql.ResultSet - {conn-10001, pstmt-20000, rs-50000} Header: [id, username, password, email, phone, team]
DEBUG main druid.sql.ResultSet - {conn-10001, pstmt-20000, rs-50000} Result: [1, admin, $2a$10$Ka/t9IiRxTAgaYAhhbgWKefb.8usnIGO0V138WGrp3b0BgMmY0zpW, shawn.sun@v-test.com.cn, 13162521169, IT]
DEBUG main druid.sql.Statement - {conn-10001, pstmt-20001} created. select id, name,description from vtauth.role where id in (select distinct roles_id from vtauth.user_roles where user_id =?)
DEBUG main druid.sql.Statement - {conn-10001, pstmt-20001} Parameters : [1]
DEBUG main druid.sql.Statement - {conn-10001, pstmt-20001} Types : [INTEGER]
DEBUG main druid.sql.Statement - {conn-10001, pstmt-20001} executed. 3.393551 millis. select id, name,description from vtauth.role where id in (select distinct roles_id from vtauth.user_roles where user_id =?)
DEBUG main druid.sql.ResultSet - {conn-10001, pstmt-20001, rs-50001} open
DEBUG main druid.sql.ResultSet - {conn-10001, pstmt-20001, rs-50001} Header: [id, name, description]
DEBUG main druid.sql.ResultSet - {conn-10001, pstmt-20001, rs-50001} Result: [1, ROLE_NORMAL, ROLE_NORMAL]
DEBUG main druid.sql.ResultSet - {conn-10001, pstmt-20001, rs-50001} Result: [2, ROLE_ADMIN, ROLE_ADMIN]
DEBUG main druid.sql.ResultSet - {conn-10001, pstmt-20001, rs-50001} closed
DEBUG main druid.sql.Statement - {conn-10001, pstmt-20001} clearParameters. 
DEBUG main druid.sql.ResultSet - {conn-10001, pstmt-20000, rs-50000} closed
DEBUG main druid.sql.Statement - {conn-10001, pstmt-20000} clearParameters. 
DEBUG main druid.sql.Connection - {conn-10001} pool-recycle
DEBUG Thread-5 druid.sql.Statement - {conn-10001, pstmt-20001} closed
DEBUG Thread-5 druid.sql.Statement - {conn-10001, pstmt-20000} closed
DEBUG Thread-5 druid.sql.Connection - {conn-10001} closed
DEBUG Druid-ConnectionPool-Create-2020725345 druid.sql.Connection - {conn-10001,procId-84} connected
DEBUG main druid.sql.Connection - {conn-10001} pool-connect
DEBUG main druid.sql.Statement - {conn-10001, pstmt-20000} created. select id, username, password, email, phone, team from vtauth.user where username =?;
DEBUG main druid.sql.Statement - {conn-10001, pstmt-20000} Parameters : [admin]
DEBUG main druid.sql.Statement - {conn-10001, pstmt-20000} Types : [VARCHAR]
DEBUG main druid.sql.Statement - {conn-10001, pstmt-20000} executed. 21.024747 millis. select id, username, password, email, phone, team from vtauth.user where username =?;
DEBUG main druid.sql.ResultSet - {conn-10001, pstmt-20000, rs-50000} open
DEBUG main druid.sql.ResultSet - {conn-10001, pstmt-20000, rs-50000} Header: [id, username, password, email, phone, team]
DEBUG main druid.sql.ResultSet - {conn-10001, pstmt-20000, rs-50000} Result: [1, admin, $2a$10$Ka/t9IiRxTAgaYAhhbgWKefb.8usnIGO0V138WGrp3b0BgMmY0zpW, shawn.sun@v-test.com.cn, 13162521169, IT]
DEBUG main druid.sql.Statement - {conn-10001, pstmt-20001} created. select id, name,description from vtauth.role where id in (select distinct roles_id from vtauth.user_roles where user_id =?)
DEBUG main druid.sql.Statement - {conn-10001, pstmt-20001} Parameters : [1]
DEBUG main druid.sql.Statement - {conn-10001, pstmt-20001} Types : [INTEGER]
DEBUG main druid.sql.Statement - {conn-10001, pstmt-20001} executed. 3.675992 millis. select id, name,description from vtauth.role where id in (select distinct roles_id from vtauth.user_roles where user_id =?)
DEBUG main druid.sql.ResultSet - {conn-10001, pstmt-20001, rs-50001} open
DEBUG main druid.sql.ResultSet - {conn-10001, pstmt-20001, rs-50001} Header: [id, name, description]
DEBUG main druid.sql.ResultSet - {conn-10001, pstmt-20001, rs-50001} Result: [1, ROLE_NORMAL, ROLE_NORMAL]
DEBUG main druid.sql.ResultSet - {conn-10001, pstmt-20001, rs-50001} Result: [2, ROLE_ADMIN, ROLE_ADMIN]
DEBUG main druid.sql.ResultSet - {conn-10001, pstmt-20001, rs-50001} closed
DEBUG main druid.sql.Statement - {conn-10001, pstmt-20001} clearParameters. 
DEBUG main druid.sql.ResultSet - {conn-10001, pstmt-20000, rs-50000} closed
DEBUG main druid.sql.Statement - {conn-10001, pstmt-20000} clearParameters. 
DEBUG main druid.sql.Connection - {conn-10001} pool-recycle
DEBUG main druid.sql.Connection - {conn-10001} pool-connect
DEBUG main druid.sql.Statement - {conn-10001, pstmt-20002} created. select id, username, password, email, phone, team from vtauth.user;
DEBUG main druid.sql.Statement - {conn-10001, pstmt-20002} Parameters : []
DEBUG main druid.sql.Statement - {conn-10001, pstmt-20002} Types : []
DEBUG main druid.sql.Statement - {conn-10001, pstmt-20002} executed. 3.307369 millis. select id, username, password, email, phone, team from vtauth.user;
DEBUG main druid.sql.ResultSet - {conn-10001, pstmt-20002, rs-50002} open
DEBUG main druid.sql.ResultSet - {conn-10001, pstmt-20002, rs-50002} Header: [id, username, password, email, phone, team]
DEBUG main druid.sql.ResultSet - {conn-10001, pstmt-20002, rs-50002} Result: [1, admin, $2a$10$Ka/t9IiRxTAgaYAhhbgWKefb.8usnIGO0V138WGrp3b0BgMmY0zpW, shawn.sun@v-test.com.cn, 13162521169, IT]
DEBUG main druid.sql.Statement - {conn-10001, pstmt-20001} Parameters : [1]
DEBUG main druid.sql.Statement - {conn-10001, pstmt-20001} Types : [INTEGER]
DEBUG main druid.sql.Statement - {conn-10001, pstmt-20001} executed. 2.940026 millis. select id, name,description from vtauth.role where id in (select distinct roles_id from vtauth.user_roles where user_id =?)
DEBUG main druid.sql.ResultSet - {conn-10001, pstmt-20001, rs-50003} open
DEBUG main druid.sql.ResultSet - {conn-10001, pstmt-20001, rs-50003} Header: [id, name, description]
DEBUG main druid.sql.ResultSet - {conn-10001, pstmt-20001, rs-50003} Result: [1, ROLE_NORMAL, ROLE_NORMAL]
DEBUG main druid.sql.ResultSet - {conn-10001, pstmt-20001, rs-50003} Result: [2, ROLE_ADMIN, ROLE_ADMIN]
DEBUG main druid.sql.ResultSet - {conn-10001, pstmt-20001, rs-50003} closed
DEBUG main druid.sql.Statement - {conn-10001, pstmt-20001} clearParameters. 
DEBUG main druid.sql.ResultSet - {conn-10001, pstmt-20002, rs-50002} Result: [2, normal, $2a$10$Ka/t9IiRxTAgaYAhhbgWKefb.8usnIGO0V138WGrp3b0BgMmY0zpW, shawn.sun@v-test.com.cn, 13162521169, IT]
DEBUG main druid.sql.Statement - {conn-10001, pstmt-20001} Parameters : [2]
DEBUG main druid.sql.Statement - {conn-10001, pstmt-20001} Types : [INTEGER]
DEBUG main druid.sql.Statement - {conn-10001, pstmt-20001} executed. 3.015969 millis. select id, name,description from vtauth.role where id in (select distinct roles_id from vtauth.user_roles where user_id =?)
DEBUG main druid.sql.ResultSet - {conn-10001, pstmt-20001, rs-50004} open
DEBUG main druid.sql.ResultSet - {conn-10001, pstmt-20001, rs-50004} Header: [id, name, description]
DEBUG main druid.sql.ResultSet - {conn-10001, pstmt-20001, rs-50004} closed
DEBUG main druid.sql.Statement - {conn-10001, pstmt-20001} clearParameters. 
DEBUG main druid.sql.ResultSet - {conn-10001, pstmt-20002, rs-50002} closed
DEBUG main druid.sql.Statement - {conn-10001, pstmt-20002} clearParameters. 
DEBUG main druid.sql.Connection - {conn-10001} pool-recycle
DEBUG Thread-5 druid.sql.Statement - {conn-10001, pstmt-20000} closed
DEBUG Thread-5 druid.sql.Statement - {conn-10001, pstmt-20001} closed
DEBUG Thread-5 druid.sql.Statement - {conn-10001, pstmt-20002} closed
DEBUG Thread-5 druid.sql.Connection - {conn-10001} closed
DEBUG Druid-ConnectionPool-Create-2020725345 druid.sql.Connection - {conn-10001,procId-85} connected
DEBUG main druid.sql.Connection - {conn-10001} pool-connect
DEBUG main druid.sql.Statement - {conn-10001, pstmt-20000} created. select id, username, password, email, phone, team from vtauth.user where username =?;
DEBUG main druid.sql.Statement - {conn-10001, pstmt-20000} Parameters : [admin]
DEBUG main druid.sql.Statement - {conn-10001, pstmt-20000} Types : [VARCHAR]
DEBUG main druid.sql.Statement - {conn-10001, pstmt-20000} executed. 20.807157 millis. select id, username, password, email, phone, team from vtauth.user where username =?;
DEBUG main druid.sql.ResultSet - {conn-10001, pstmt-20000, rs-50000} open
DEBUG main druid.sql.ResultSet - {conn-10001, pstmt-20000, rs-50000} Header: [id, username, password, email, phone, team]
DEBUG main druid.sql.ResultSet - {conn-10001, pstmt-20000, rs-50000} Result: [1, admin, $2a$10$Ka/t9IiRxTAgaYAhhbgWKefb.8usnIGO0V138WGrp3b0BgMmY0zpW, shawn.sun@v-test.com.cn, 13162521169, IT]
DEBUG main druid.sql.Statement - {conn-10001, pstmt-20001} created. select id, name,description from vtauth.role where id in (select distinct roles_id from vtauth.user_roles where user_id =?)
DEBUG main druid.sql.Statement - {conn-10001, pstmt-20001} Parameters : [1]
DEBUG main druid.sql.Statement - {conn-10001, pstmt-20001} Types : [INTEGER]
DEBUG main druid.sql.Statement - {conn-10001, pstmt-20001} executed. 3.922595 millis. select id, name,description from vtauth.role where id in (select distinct roles_id from vtauth.user_roles where user_id =?)
DEBUG main druid.sql.ResultSet - {conn-10001, pstmt-20001, rs-50001} open
DEBUG main druid.sql.ResultSet - {conn-10001, pstmt-20001, rs-50001} Header: [id, name, description]
DEBUG main druid.sql.ResultSet - {conn-10001, pstmt-20001, rs-50001} Result: [1, ROLE_NORMAL, ROLE_NORMAL]
DEBUG main druid.sql.ResultSet - {conn-10001, pstmt-20001, rs-50001} Result: [2, ROLE_ADMIN, ROLE_ADMIN]
DEBUG main druid.sql.ResultSet - {conn-10001, pstmt-20001, rs-50001} closed
DEBUG main druid.sql.Statement - {conn-10001, pstmt-20001} clearParameters. 
DEBUG main druid.sql.ResultSet - {conn-10001, pstmt-20000, rs-50000} closed
DEBUG main druid.sql.Statement - {conn-10001, pstmt-20000} clearParameters. 
DEBUG main druid.sql.Connection - {conn-10001} pool-recycle
DEBUG main druid.sql.Connection - {conn-10001} pool-connect
DEBUG main druid.sql.Statement - {conn-10001, pstmt-20002} created. select id, username, password, email, phone, team from vtauth.user;
DEBUG main druid.sql.Statement - {conn-10001, pstmt-20002} Parameters : []
DEBUG main druid.sql.Statement - {conn-10001, pstmt-20002} Types : []
DEBUG main druid.sql.Statement - {conn-10001, pstmt-20002} executed. 2.651613 millis. select id, username, password, email, phone, team from vtauth.user;
DEBUG main druid.sql.ResultSet - {conn-10001, pstmt-20002, rs-50002} open
DEBUG main druid.sql.ResultSet - {conn-10001, pstmt-20002, rs-50002} Header: [id, username, password, email, phone, team]
DEBUG main druid.sql.ResultSet - {conn-10001, pstmt-20002, rs-50002} Result: [1, admin, $2a$10$Ka/t9IiRxTAgaYAhhbgWKefb.8usnIGO0V138WGrp3b0BgMmY0zpW, shawn.sun@v-test.com.cn, 13162521169, IT]
DEBUG main druid.sql.Statement - {conn-10001, pstmt-20001} Parameters : [1]
DEBUG main druid.sql.Statement - {conn-10001, pstmt-20001} Types : [INTEGER]
DEBUG main druid.sql.Statement - {conn-10001, pstmt-20001} executed. 2.730542 millis. select id, name,description from vtauth.role where id in (select distinct roles_id from vtauth.user_roles where user_id =?)
DEBUG main druid.sql.ResultSet - {conn-10001, pstmt-20001, rs-50003} open
DEBUG main druid.sql.ResultSet - {conn-10001, pstmt-20001, rs-50003} Header: [id, name, description]
DEBUG main druid.sql.ResultSet - {conn-10001, pstmt-20001, rs-50003} Result: [1, ROLE_NORMAL, ROLE_NORMAL]
DEBUG main druid.sql.ResultSet - {conn-10001, pstmt-20001, rs-50003} Result: [2, ROLE_ADMIN, ROLE_ADMIN]
DEBUG main druid.sql.ResultSet - {conn-10001, pstmt-20001, rs-50003} closed
DEBUG main druid.sql.Statement - {conn-10001, pstmt-20001} clearParameters. 
DEBUG main druid.sql.ResultSet - {conn-10001, pstmt-20002, rs-50002} Result: [2, normal, $2a$10$Ka/t9IiRxTAgaYAhhbgWKefb.8usnIGO0V138WGrp3b0BgMmY0zpW, shawn.sun@v-test.com.cn, 13162521169, IT]
DEBUG main druid.sql.Statement - {conn-10001, pstmt-20001} Parameters : [2]
DEBUG main druid.sql.Statement - {conn-10001, pstmt-20001} Types : [INTEGER]
DEBUG main druid.sql.Statement - {conn-10001, pstmt-20001} executed. 2.311148 millis. select id, name,description from vtauth.role where id in (select distinct roles_id from vtauth.user_roles where user_id =?)
DEBUG main druid.sql.ResultSet - {conn-10001, pstmt-20001, rs-50004} open
DEBUG main druid.sql.ResultSet - {conn-10001, pstmt-20001, rs-50004} Header: [id, name, description]
DEBUG main druid.sql.ResultSet - {conn-10001, pstmt-20001, rs-50004} closed
DEBUG main druid.sql.Statement - {conn-10001, pstmt-20001} clearParameters. 
DEBUG main druid.sql.ResultSet - {conn-10001, pstmt-20002, rs-50002} closed
DEBUG main druid.sql.Statement - {conn-10001, pstmt-20002} clearParameters. 
DEBUG main druid.sql.Connection - {conn-10001} pool-recycle
DEBUG main druid.sql.Connection - {conn-10001} pool-connect
DEBUG main druid.sql.Connection - {conn-10001} pool-recycle
DEBUG main druid.sql.Connection - {conn-10001} pool-connect
DEBUG main druid.sql.Connection - {conn-10001} pool-recycle
DEBUG Thread-5 druid.sql.Statement - {conn-10001, pstmt-20000} closed
DEBUG Thread-5 druid.sql.Statement - {conn-10001, pstmt-20001} closed
DEBUG Thread-5 druid.sql.Statement - {conn-10001, pstmt-20002} closed
DEBUG Thread-5 druid.sql.Connection - {conn-10001} closed
DEBUG Druid-ConnectionPool-Create-2020725345 druid.sql.Connection - {conn-10001,procId-86} connected
DEBUG main druid.sql.Connection - {conn-10001} pool-connect
DEBUG main druid.sql.Statement - {conn-10001, pstmt-20000} created. select id, username, password, email, phone, team from vtauth.user where username =?;
DEBUG main druid.sql.Statement - {conn-10001, pstmt-20000} Parameters : [admin]
DEBUG main druid.sql.Statement - {conn-10001, pstmt-20000} Types : [VARCHAR]
DEBUG main druid.sql.Statement - {conn-10001, pstmt-20000} executed. 18.986654 millis. select id, username, password, email, phone, team from vtauth.user where username =?;
DEBUG main druid.sql.ResultSet - {conn-10001, pstmt-20000, rs-50000} open
DEBUG main druid.sql.ResultSet - {conn-10001, pstmt-20000, rs-50000} Header: [id, username, password, email, phone, team]
DEBUG main druid.sql.ResultSet - {conn-10001, pstmt-20000, rs-50000} Result: [1, admin, $2a$10$Ka/t9IiRxTAgaYAhhbgWKefb.8usnIGO0V138WGrp3b0BgMmY0zpW, shawn.sun@v-test.com.cn, 13162521169, IT]
DEBUG main druid.sql.Statement - {conn-10001, pstmt-20001} created. select id, name,description from vtauth.role where id in (select distinct roles_id from vtauth.user_roles where user_id =?)
DEBUG main druid.sql.Statement - {conn-10001, pstmt-20001} Parameters : [1]
DEBUG main druid.sql.Statement - {conn-10001, pstmt-20001} Types : [INTEGER]
DEBUG main druid.sql.Statement - {conn-10001, pstmt-20001} executed. 3.328275 millis. select id, name,description from vtauth.role where id in (select distinct roles_id from vtauth.user_roles where user_id =?)
DEBUG main druid.sql.ResultSet - {conn-10001, pstmt-20001, rs-50001} open
DEBUG main druid.sql.ResultSet - {conn-10001, pstmt-20001, rs-50001} Header: [id, name, description]
DEBUG main druid.sql.ResultSet - {conn-10001, pstmt-20001, rs-50001} Result: [1, ROLE_NORMAL, ROLE_NORMAL]
DEBUG main druid.sql.ResultSet - {conn-10001, pstmt-20001, rs-50001} Result: [2, ROLE_ADMIN, ROLE_ADMIN]
DEBUG main druid.sql.ResultSet - {conn-10001, pstmt-20001, rs-50001} closed
DEBUG main druid.sql.Statement - {conn-10001, pstmt-20001} clearParameters. 
DEBUG main druid.sql.ResultSet - {conn-10001, pstmt-20000, rs-50000} closed
DEBUG main druid.sql.Statement - {conn-10001, pstmt-20000} clearParameters. 
DEBUG main druid.sql.Connection - {conn-10001} pool-recycle
DEBUG main druid.sql.Connection - {conn-10001} pool-connect
DEBUG main druid.sql.Statement - {conn-10001, pstmt-20002} created. select id, username, password, email, phone, team from vtauth.user;
DEBUG main druid.sql.Statement - {conn-10001, pstmt-20002} Parameters : []
DEBUG main druid.sql.Statement - {conn-10001, pstmt-20002} Types : []
DEBUG main druid.sql.Statement - {conn-10001, pstmt-20002} executed. 3.323155 millis. select id, username, password, email, phone, team from vtauth.user;
DEBUG main druid.sql.ResultSet - {conn-10001, pstmt-20002, rs-50002} open
DEBUG main druid.sql.ResultSet - {conn-10001, pstmt-20002, rs-50002} Header: [id, username, password, email, phone, team]
DEBUG main druid.sql.ResultSet - {conn-10001, pstmt-20002, rs-50002} Result: [1, admin, $2a$10$Ka/t9IiRxTAgaYAhhbgWKefb.8usnIGO0V138WGrp3b0BgMmY0zpW, shawn.sun@v-test.com.cn, 13162521169, IT]
DEBUG main druid.sql.Statement - {conn-10001, pstmt-20001} Parameters : [1]
DEBUG main druid.sql.Statement - {conn-10001, pstmt-20001} Types : [INTEGER]
DEBUG main druid.sql.Statement - {conn-10001, pstmt-20001} executed. 3.379046 millis. select id, name,description from vtauth.role where id in (select distinct roles_id from vtauth.user_roles where user_id =?)
DEBUG main druid.sql.ResultSet - {conn-10001, pstmt-20001, rs-50003} open
DEBUG main druid.sql.ResultSet - {conn-10001, pstmt-20001, rs-50003} Header: [id, name, description]
DEBUG main druid.sql.ResultSet - {conn-10001, pstmt-20001, rs-50003} Result: [1, ROLE_NORMAL, ROLE_NORMAL]
DEBUG main druid.sql.ResultSet - {conn-10001, pstmt-20001, rs-50003} Result: [2, ROLE_ADMIN, ROLE_ADMIN]
DEBUG main druid.sql.ResultSet - {conn-10001, pstmt-20001, rs-50003} closed
DEBUG main druid.sql.Statement - {conn-10001, pstmt-20001} clearParameters. 
DEBUG main druid.sql.ResultSet - {conn-10001, pstmt-20002, rs-50002} Result: [2, normal, $2a$10$Ka/t9IiRxTAgaYAhhbgWKefb.8usnIGO0V138WGrp3b0BgMmY0zpW, shawn.sun@v-test.com.cn, 13162521169, IT]
DEBUG main druid.sql.Statement - {conn-10001, pstmt-20001} Parameters : [2]
DEBUG main druid.sql.Statement - {conn-10001, pstmt-20001} Types : [INTEGER]
DEBUG main druid.sql.Statement - {conn-10001, pstmt-20001} executed. 3.761748 millis. select id, name,description from vtauth.role where id in (select distinct roles_id from vtauth.user_roles where user_id =?)
DEBUG main druid.sql.ResultSet - {conn-10001, pstmt-20001, rs-50004} open
DEBUG main druid.sql.ResultSet - {conn-10001, pstmt-20001, rs-50004} Header: [id, name, description]
DEBUG main druid.sql.ResultSet - {conn-10001, pstmt-20001, rs-50004} closed
DEBUG main druid.sql.Statement - {conn-10001, pstmt-20001} clearParameters. 
DEBUG main druid.sql.ResultSet - {conn-10001, pstmt-20002, rs-50002} closed
DEBUG main druid.sql.Statement - {conn-10001, pstmt-20002} clearParameters. 
DEBUG main druid.sql.Connection - {conn-10001} pool-recycle
DEBUG main druid.sql.Connection - {conn-10001} pool-connect
DEBUG main druid.sql.Statement - {conn-10001, pstmt-20003} created. update vtauth.user set username =?,password=?,email=?,phone=?,team=? where id=?
DEBUG main druid.sql.Statement - {conn-10001, pstmt-20003} clearParameters. 
DEBUG main druid.sql.Connection - {conn-10001} pool-recycle
DEBUG Thread-5 druid.sql.Statement - {conn-10001, pstmt-20000} closed
DEBUG Thread-5 druid.sql.Statement - {conn-10001, pstmt-20001} closed
DEBUG Thread-5 druid.sql.Statement - {conn-10001, pstmt-20002} closed
DEBUG Thread-5 druid.sql.Statement - {conn-10001, pstmt-20003} closed
DEBUG Thread-5 druid.sql.Connection - {conn-10001} closed
DEBUG Druid-ConnectionPool-Create-1088247084 druid.sql.Connection - {conn-10001,procId-87} connected
DEBUG main druid.sql.Connection - {conn-10001} pool-connect
DEBUG main druid.sql.Statement - {conn-10001, pstmt-20000} created. select id, username, password, email, phone, team from vtauth.user where username =?;
DEBUG main druid.sql.Statement - {conn-10001, pstmt-20000} Parameters : [admin]
DEBUG main druid.sql.Statement - {conn-10001, pstmt-20000} Types : [VARCHAR]
DEBUG main druid.sql.Statement - {conn-10001, pstmt-20000} executed. 17.407206 millis. select id, username, password, email, phone, team from vtauth.user where username =?;
DEBUG main druid.sql.ResultSet - {conn-10001, pstmt-20000, rs-50000} open
DEBUG main druid.sql.ResultSet - {conn-10001, pstmt-20000, rs-50000} Header: [id, username, password, email, phone, team]
DEBUG main druid.sql.ResultSet - {conn-10001, pstmt-20000, rs-50000} Result: [1, admin, $2a$10$Ka/t9IiRxTAgaYAhhbgWKefb.8usnIGO0V138WGrp3b0BgMmY0zpW, shawn.sun@v-test.com.cn, 13162521169, IT]
DEBUG main druid.sql.Statement - {conn-10001, pstmt-20001} created. select id, name,description from vtauth.role where id in (select distinct roles_id from vtauth.user_roles where user_id =?)
DEBUG main druid.sql.Statement - {conn-10001, pstmt-20001} Parameters : [1]
DEBUG main druid.sql.Statement - {conn-10001, pstmt-20001} Types : [INTEGER]
DEBUG main druid.sql.Statement - {conn-10001, pstmt-20001} executed. 3.323154 millis. select id, name,description from vtauth.role where id in (select distinct roles_id from vtauth.user_roles where user_id =?)
DEBUG main druid.sql.ResultSet - {conn-10001, pstmt-20001, rs-50001} open
DEBUG main druid.sql.ResultSet - {conn-10001, pstmt-20001, rs-50001} Header: [id, name, description]
DEBUG main druid.sql.ResultSet - {conn-10001, pstmt-20001, rs-50001} Result: [1, ROLE_NORMAL, ROLE_NORMAL]
DEBUG main druid.sql.ResultSet - {conn-10001, pstmt-20001, rs-50001} Result: [2, ROLE_ADMIN, ROLE_ADMIN]
DEBUG main druid.sql.ResultSet - {conn-10001, pstmt-20001, rs-50001} closed
DEBUG main druid.sql.Statement - {conn-10001, pstmt-20001} clearParameters. 
DEBUG main druid.sql.ResultSet - {conn-10001, pstmt-20000, rs-50000} closed
DEBUG main druid.sql.Statement - {conn-10001, pstmt-20000} clearParameters. 
DEBUG main druid.sql.Connection - {conn-10001} pool-recycle
DEBUG main druid.sql.Connection - {conn-10001} pool-connect
DEBUG main druid.sql.Statement - {conn-10001, pstmt-20002} created. select id, username, password, email, phone, team from vtauth.user;
DEBUG main druid.sql.Statement - {conn-10001, pstmt-20002} Parameters : []
DEBUG main druid.sql.Statement - {conn-10001, pstmt-20002} Types : []
DEBUG main druid.sql.Statement - {conn-10001, pstmt-20002} executed. 3.019809 millis. select id, username, password, email, phone, team from vtauth.user;
DEBUG main druid.sql.ResultSet - {conn-10001, pstmt-20002, rs-50002} open
DEBUG main druid.sql.ResultSet - {conn-10001, pstmt-20002, rs-50002} Header: [id, username, password, email, phone, team]
DEBUG main druid.sql.ResultSet - {conn-10001, pstmt-20002, rs-50002} Result: [1, admin, $2a$10$Ka/t9IiRxTAgaYAhhbgWKefb.8usnIGO0V138WGrp3b0BgMmY0zpW, shawn.sun@v-test.com.cn, 13162521169, IT]
DEBUG main druid.sql.Statement - {conn-10001, pstmt-20001} Parameters : [1]
DEBUG main druid.sql.Statement - {conn-10001, pstmt-20001} Types : [INTEGER]
DEBUG main druid.sql.Statement - {conn-10001, pstmt-20001} executed. 3.309502 millis. select id, name,description from vtauth.role where id in (select distinct roles_id from vtauth.user_roles where user_id =?)
DEBUG main druid.sql.ResultSet - {conn-10001, pstmt-20001, rs-50003} open
DEBUG main druid.sql.ResultSet - {conn-10001, pstmt-20001, rs-50003} Header: [id, name, description]
DEBUG main druid.sql.ResultSet - {conn-10001, pstmt-20001, rs-50003} Result: [1, ROLE_NORMAL, ROLE_NORMAL]
DEBUG main druid.sql.ResultSet - {conn-10001, pstmt-20001, rs-50003} Result: [2, ROLE_ADMIN, ROLE_ADMIN]
DEBUG main druid.sql.ResultSet - {conn-10001, pstmt-20001, rs-50003} closed
DEBUG main druid.sql.Statement - {conn-10001, pstmt-20001} clearParameters. 
DEBUG main druid.sql.ResultSet - {conn-10001, pstmt-20002, rs-50002} Result: [2, normal, $2a$10$Ka/t9IiRxTAgaYAhhbgWKefb.8usnIGO0V138WGrp3b0BgMmY0zpW, shawn.sun@v-test.com.cn, 13162521169, IT]
DEBUG main druid.sql.Statement - {conn-10001, pstmt-20001} Parameters : [2]
DEBUG main druid.sql.Statement - {conn-10001, pstmt-20001} Types : [INTEGER]
DEBUG main druid.sql.Statement - {conn-10001, pstmt-20001} executed. 2.381118 millis. select id, name,description from vtauth.role where id in (select distinct roles_id from vtauth.user_roles where user_id =?)
DEBUG main druid.sql.ResultSet - {conn-10001, pstmt-20001, rs-50004} open
DEBUG main druid.sql.ResultSet - {conn-10001, pstmt-20001, rs-50004} Header: [id, name, description]
DEBUG main druid.sql.ResultSet - {conn-10001, pstmt-20001, rs-50004} closed
DEBUG main druid.sql.Statement - {conn-10001, pstmt-20001} clearParameters. 
DEBUG main druid.sql.ResultSet - {conn-10001, pstmt-20002, rs-50002} closed
DEBUG main druid.sql.Statement - {conn-10001, pstmt-20002} clearParameters. 
DEBUG main druid.sql.Connection - {conn-10001} pool-recycle
DEBUG main druid.sql.Connection - {conn-10001} pool-connect
DEBUG main druid.sql.Statement - {conn-10001, pstmt-20003} created. update vtauth.user set username = ?,password=?,email=?,phone=?,team=? where id=?
DEBUG main druid.sql.Statement - {conn-10001, pstmt-20003} clearParameters. 
DEBUG main druid.sql.Connection - {conn-10001} pool-recycle
DEBUG Thread-5 druid.sql.Statement - {conn-10001, pstmt-20000} closed
DEBUG Thread-5 druid.sql.Statement - {conn-10001, pstmt-20001} closed
DEBUG Thread-5 druid.sql.Statement - {conn-10001, pstmt-20002} closed
DEBUG Thread-5 druid.sql.Statement - {conn-10001, pstmt-20003} closed
DEBUG Thread-5 druid.sql.Connection - {conn-10001} closed
DEBUG Druid-ConnectionPool-Create-1477856922 druid.sql.Connection - {conn-10001,procId-88} connected
DEBUG main druid.sql.Connection - {conn-10001} pool-connect
DEBUG main druid.sql.Statement - {conn-10001, pstmt-20000} created. select id, username, password, email, phone, team from vtauth.user where username =?;
DEBUG main druid.sql.Statement - {conn-10001, pstmt-20000} Parameters : [admin]
DEBUG main druid.sql.Statement - {conn-10001, pstmt-20000} Types : [VARCHAR]
DEBUG main druid.sql.Statement - {conn-10001, pstmt-20000} executed. 20.321206 millis. select id, username, password, email, phone, team from vtauth.user where username =?;
DEBUG main druid.sql.ResultSet - {conn-10001, pstmt-20000, rs-50000} open
DEBUG main druid.sql.ResultSet - {conn-10001, pstmt-20000, rs-50000} Header: [id, username, password, email, phone, team]
DEBUG main druid.sql.ResultSet - {conn-10001, pstmt-20000, rs-50000} Result: [1, admin, $2a$10$Ka/t9IiRxTAgaYAhhbgWKefb.8usnIGO0V138WGrp3b0BgMmY0zpW, shawn.sun@v-test.com.cn, 13162521169, IT]
DEBUG main druid.sql.Statement - {conn-10001, pstmt-20001} created. select id, name,description from vtauth.role where id in (select distinct roles_id from vtauth.user_roles where user_id =?)
DEBUG main druid.sql.Statement - {conn-10001, pstmt-20001} Parameters : [1]
DEBUG main druid.sql.Statement - {conn-10001, pstmt-20001} Types : [INTEGER]
DEBUG main druid.sql.Statement - {conn-10001, pstmt-20001} executed. 4.229354 millis. select id, name,description from vtauth.role where id in (select distinct roles_id from vtauth.user_roles where user_id =?)
DEBUG main druid.sql.ResultSet - {conn-10001, pstmt-20001, rs-50001} open
DEBUG main druid.sql.ResultSet - {conn-10001, pstmt-20001, rs-50001} Header: [id, name, description]
DEBUG main druid.sql.ResultSet - {conn-10001, pstmt-20001, rs-50001} Result: [1, ROLE_NORMAL, ROLE_NORMAL]
DEBUG main druid.sql.ResultSet - {conn-10001, pstmt-20001, rs-50001} Result: [2, ROLE_ADMIN, ROLE_ADMIN]
DEBUG main druid.sql.ResultSet - {conn-10001, pstmt-20001, rs-50001} closed
DEBUG main druid.sql.Statement - {conn-10001, pstmt-20001} clearParameters. 
DEBUG main druid.sql.ResultSet - {conn-10001, pstmt-20000, rs-50000} closed
DEBUG main druid.sql.Statement - {conn-10001, pstmt-20000} clearParameters. 
DEBUG main druid.sql.Connection - {conn-10001} pool-recycle
DEBUG main druid.sql.Connection - {conn-10001} pool-connect
DEBUG main druid.sql.Statement - {conn-10001, pstmt-20002} created. select id, username, password, email, phone, team from vtauth.user;
DEBUG main druid.sql.Statement - {conn-10001, pstmt-20002} Parameters : []
DEBUG main druid.sql.Statement - {conn-10001, pstmt-20002} Types : []
DEBUG main druid.sql.Statement - {conn-10001, pstmt-20002} executed. 2.666119 millis. select id, username, password, email, phone, team from vtauth.user;
DEBUG main druid.sql.ResultSet - {conn-10001, pstmt-20002, rs-50002} open
DEBUG main druid.sql.ResultSet - {conn-10001, pstmt-20002, rs-50002} Header: [id, username, password, email, phone, team]
DEBUG main druid.sql.ResultSet - {conn-10001, pstmt-20002, rs-50002} Result: [1, admin, $2a$10$Ka/t9IiRxTAgaYAhhbgWKefb.8usnIGO0V138WGrp3b0BgMmY0zpW, shawn.sun@v-test.com.cn, 13162521169, IT]
DEBUG main druid.sql.Statement - {conn-10001, pstmt-20001} Parameters : [1]
DEBUG main druid.sql.Statement - {conn-10001, pstmt-20001} Types : [INTEGER]
DEBUG main druid.sql.Statement - {conn-10001, pstmt-20001} executed. 4.866338 millis. select id, name,description from vtauth.role where id in (select distinct roles_id from vtauth.user_roles where user_id =?)
DEBUG main druid.sql.ResultSet - {conn-10001, pstmt-20001, rs-50003} open
DEBUG main druid.sql.ResultSet - {conn-10001, pstmt-20001, rs-50003} Header: [id, name, description]
DEBUG main druid.sql.ResultSet - {conn-10001, pstmt-20001, rs-50003} Result: [1, ROLE_NORMAL, ROLE_NORMAL]
DEBUG main druid.sql.ResultSet - {conn-10001, pstmt-20001, rs-50003} Result: [2, ROLE_ADMIN, ROLE_ADMIN]
DEBUG main druid.sql.ResultSet - {conn-10001, pstmt-20001, rs-50003} closed
DEBUG main druid.sql.Statement - {conn-10001, pstmt-20001} clearParameters. 
DEBUG main druid.sql.ResultSet - {conn-10001, pstmt-20002, rs-50002} Result: [2, normal, $2a$10$Ka/t9IiRxTAgaYAhhbgWKefb.8usnIGO0V138WGrp3b0BgMmY0zpW, shawn.sun@v-test.com.cn, 13162521169, IT]
DEBUG main druid.sql.Statement - {conn-10001, pstmt-20001} Parameters : [2]
DEBUG main druid.sql.Statement - {conn-10001, pstmt-20001} Types : [INTEGER]
DEBUG main druid.sql.Statement - {conn-10001, pstmt-20001} executed. 2.7715 millis. select id, name,description from vtauth.role where id in (select distinct roles_id from vtauth.user_roles where user_id =?)
DEBUG main druid.sql.ResultSet - {conn-10001, pstmt-20001, rs-50004} open
DEBUG main druid.sql.ResultSet - {conn-10001, pstmt-20001, rs-50004} Header: [id, name, description]
DEBUG main druid.sql.ResultSet - {conn-10001, pstmt-20001, rs-50004} closed
DEBUG main druid.sql.Statement - {conn-10001, pstmt-20001} clearParameters. 
DEBUG main druid.sql.ResultSet - {conn-10001, pstmt-20002, rs-50002} closed
DEBUG main druid.sql.Statement - {conn-10001, pstmt-20002} clearParameters. 
DEBUG main druid.sql.Connection - {conn-10001} pool-recycle
DEBUG main druid.sql.Connection - {conn-10001} pool-connect
DEBUG main druid.sql.Statement - {conn-10001, pstmt-20003} created. update vtauth.user set username = ?,password=?,email=?,phone=?,team=? where id=?
DEBUG main druid.sql.Statement - {conn-10001, pstmt-20003} Parameters : [normal, password, yyyyy, 123456, EE, 2]
DEBUG main druid.sql.Statement - {conn-10001, pstmt-20003} Types : [VARCHAR, VARCHAR, VARCHAR, VARCHAR, VARCHAR, INTEGER]
DEBUG main druid.sql.Statement - {conn-10001, pstmt-20003} executed. 6.599379 millis. update vtauth.user set username = ?,password=?,email=?,phone=?,team=? where id=?
DEBUG main druid.sql.Statement - {conn-10001, pstmt-20003} clearParameters. 
DEBUG main druid.sql.Connection - {conn-10001} pool-recycle
DEBUG Thread-5 druid.sql.Statement - {conn-10001, pstmt-20000} closed
DEBUG Thread-5 druid.sql.Statement - {conn-10001, pstmt-20001} closed
DEBUG Thread-5 druid.sql.Statement - {conn-10001, pstmt-20002} closed
DEBUG Thread-5 druid.sql.Statement - {conn-10001, pstmt-20003} closed
DEBUG Thread-5 druid.sql.Connection - {conn-10001} closed
DEBUG Druid-ConnectionPool-Create-1477856922 druid.sql.Connection - {conn-10001,procId-89} connected
DEBUG main druid.sql.Connection - {conn-10001} pool-connect
DEBUG main druid.sql.Statement - {conn-10001, pstmt-20000} created. select id, username, password, email, phone, team from vtauth.user where username =?;
DEBUG main druid.sql.Statement - {conn-10001, pstmt-20000} Parameters : [admin]
DEBUG main druid.sql.Statement - {conn-10001, pstmt-20000} Types : [VARCHAR]
DEBUG main druid.sql.Statement - {conn-10001, pstmt-20000} executed. 19.380448 millis. select id, username, password, email, phone, team from vtauth.user where username =?;
DEBUG main druid.sql.ResultSet - {conn-10001, pstmt-20000, rs-50000} open
DEBUG main druid.sql.ResultSet - {conn-10001, pstmt-20000, rs-50000} Header: [id, username, password, email, phone, team]
DEBUG main druid.sql.ResultSet - {conn-10001, pstmt-20000, rs-50000} Result: [1, admin, $2a$10$Ka/t9IiRxTAgaYAhhbgWKefb.8usnIGO0V138WGrp3b0BgMmY0zpW, shawn.sun@v-test.com.cn, 13162521169, IT]
DEBUG main druid.sql.Statement - {conn-10001, pstmt-20001} created. select id, name,description from vtauth.role where id in (select distinct roles_id from vtauth.user_roles where user_id =?)
DEBUG main druid.sql.Statement - {conn-10001, pstmt-20001} Parameters : [1]
DEBUG main druid.sql.Statement - {conn-10001, pstmt-20001} Types : [INTEGER]
DEBUG main druid.sql.Statement - {conn-10001, pstmt-20001} executed. 3.363259 millis. select id, name,description from vtauth.role where id in (select distinct roles_id from vtauth.user_roles where user_id =?)
DEBUG main druid.sql.ResultSet - {conn-10001, pstmt-20001, rs-50001} open
DEBUG main druid.sql.ResultSet - {conn-10001, pstmt-20001, rs-50001} Header: [id, name, description]
DEBUG main druid.sql.ResultSet - {conn-10001, pstmt-20001, rs-50001} Result: [1, ROLE_NORMAL, ROLE_NORMAL]
DEBUG main druid.sql.ResultSet - {conn-10001, pstmt-20001, rs-50001} Result: [2, ROLE_ADMIN, ROLE_ADMIN]
DEBUG main druid.sql.ResultSet - {conn-10001, pstmt-20001, rs-50001} closed
DEBUG main druid.sql.Statement - {conn-10001, pstmt-20001} clearParameters. 
DEBUG main druid.sql.ResultSet - {conn-10001, pstmt-20000, rs-50000} closed
DEBUG main druid.sql.Statement - {conn-10001, pstmt-20000} clearParameters. 
DEBUG main druid.sql.Connection - {conn-10001} pool-recycle
DEBUG main druid.sql.Connection - {conn-10001} pool-connect
DEBUG main druid.sql.Statement - {conn-10001, pstmt-20002} created. select id, username, password, email, phone, team from vtauth.user;
DEBUG main druid.sql.Statement - {conn-10001, pstmt-20002} Parameters : []
DEBUG main druid.sql.Statement - {conn-10001, pstmt-20002} Types : []
DEBUG main druid.sql.Statement - {conn-10001, pstmt-20002} executed. 3.108125 millis. select id, username, password, email, phone, team from vtauth.user;
DEBUG main druid.sql.ResultSet - {conn-10001, pstmt-20002, rs-50002} open
DEBUG main druid.sql.ResultSet - {conn-10001, pstmt-20002, rs-50002} Header: [id, username, password, email, phone, team]
DEBUG main druid.sql.ResultSet - {conn-10001, pstmt-20002, rs-50002} Result: [1, admin, $2a$10$Ka/t9IiRxTAgaYAhhbgWKefb.8usnIGO0V138WGrp3b0BgMmY0zpW, shawn.sun@v-test.com.cn, 13162521169, IT]
DEBUG main druid.sql.Statement - {conn-10001, pstmt-20001} Parameters : [1]
DEBUG main druid.sql.Statement - {conn-10001, pstmt-20001} Types : [INTEGER]
DEBUG main druid.sql.Statement - {conn-10001, pstmt-20001} executed. 2.986957 millis. select id, name,description from vtauth.role where id in (select distinct roles_id from vtauth.user_roles where user_id =?)
DEBUG main druid.sql.ResultSet - {conn-10001, pstmt-20001, rs-50003} open
DEBUG main druid.sql.ResultSet - {conn-10001, pstmt-20001, rs-50003} Header: [id, name, description]
DEBUG main druid.sql.ResultSet - {conn-10001, pstmt-20001, rs-50003} Result: [1, ROLE_NORMAL, ROLE_NORMAL]
DEBUG main druid.sql.ResultSet - {conn-10001, pstmt-20001, rs-50003} Result: [2, ROLE_ADMIN, ROLE_ADMIN]
DEBUG main druid.sql.ResultSet - {conn-10001, pstmt-20001, rs-50003} closed
DEBUG main druid.sql.Statement - {conn-10001, pstmt-20001} clearParameters. 
DEBUG main druid.sql.ResultSet - {conn-10001, pstmt-20002, rs-50002} Result: [2, normal, password, yyyyy, 123456, EE]
DEBUG main druid.sql.Statement - {conn-10001, pstmt-20001} Parameters : [2]
DEBUG main druid.sql.Statement - {conn-10001, pstmt-20001} Types : [INTEGER]
DEBUG main druid.sql.Statement - {conn-10001, pstmt-20001} executed. 2.436155 millis. select id, name,description from vtauth.role where id in (select distinct roles_id from vtauth.user_roles where user_id =?)
DEBUG main druid.sql.ResultSet - {conn-10001, pstmt-20001, rs-50004} open
DEBUG main druid.sql.ResultSet - {conn-10001, pstmt-20001, rs-50004} Header: [id, name, description]
DEBUG main druid.sql.ResultSet - {conn-10001, pstmt-20001, rs-50004} closed
DEBUG main druid.sql.Statement - {conn-10001, pstmt-20001} clearParameters. 
DEBUG main druid.sql.ResultSet - {conn-10001, pstmt-20002, rs-50002} closed
DEBUG main druid.sql.Statement - {conn-10001, pstmt-20002} clearParameters. 
DEBUG main druid.sql.Connection - {conn-10001} pool-recycle
DEBUG main druid.sql.Connection - {conn-10001} pool-connect
DEBUG main druid.sql.Statement - {conn-10001, pstmt-20003} created. update vtauth.user set username = ?,password=?,email=?,phone=?,team=? where id=?
DEBUG main druid.sql.Statement - {conn-10001, pstmt-20003} Parameters : [normal, password, yyyyy, 123456, EE, 2]
DEBUG main druid.sql.Statement - {conn-10001, pstmt-20003} Types : [VARCHAR, VARCHAR, VARCHAR, VARCHAR, VARCHAR, INTEGER]
DEBUG main druid.sql.Statement - {conn-10001, pstmt-20003} executed. 4.24386 millis. update vtauth.user set username = ?,password=?,email=?,phone=?,team=? where id=?
DEBUG main druid.sql.Statement - {conn-10001, pstmt-20003} clearParameters. 
DEBUG main druid.sql.Connection - {conn-10001} pool-recycle
DEBUG main druid.sql.Connection - {conn-10001} pool-connect
DEBUG main druid.sql.Statement - {conn-10001, pstmt-20004} created. delete from vtauth.user where id =?
DEBUG main druid.sql.Statement - {conn-10001, pstmt-20004} clearParameters. 
DEBUG main druid.sql.Connection - {conn-10001} pool-recycle
DEBUG Thread-5 druid.sql.Statement - {conn-10001, pstmt-20000} closed
DEBUG Thread-5 druid.sql.Statement - {conn-10001, pstmt-20001} closed
DEBUG Thread-5 druid.sql.Statement - {conn-10001, pstmt-20002} closed
DEBUG Thread-5 druid.sql.Statement - {conn-10001, pstmt-20003} closed
DEBUG Thread-5 druid.sql.Statement - {conn-10001, pstmt-20004} closed
DEBUG Thread-5 druid.sql.Connection - {conn-10001} closed
DEBUG Druid-ConnectionPool-Create-2020725345 druid.sql.Connection - {conn-10001,procId-90} connected
DEBUG main druid.sql.Connection - {conn-10001} pool-connect
DEBUG main druid.sql.Statement - {conn-10001, pstmt-20000} created. select id, username, password, email, phone, team from vtauth.user where username =?;
DEBUG main druid.sql.Statement - {conn-10001, pstmt-20000} Parameters : [admin]
DEBUG main druid.sql.Statement - {conn-10001, pstmt-20000} Types : [VARCHAR]
DEBUG main druid.sql.Statement - {conn-10001, pstmt-20000} executed. 16.879443 millis. select id, username, password, email, phone, team from vtauth.user where username =?;
DEBUG main druid.sql.ResultSet - {conn-10001, pstmt-20000, rs-50000} open
DEBUG main druid.sql.ResultSet - {conn-10001, pstmt-20000, rs-50000} Header: [id, username, password, email, phone, team]
DEBUG main druid.sql.ResultSet - {conn-10001, pstmt-20000, rs-50000} Result: [1, admin, $2a$10$Ka/t9IiRxTAgaYAhhbgWKefb.8usnIGO0V138WGrp3b0BgMmY0zpW, shawn.sun@v-test.com.cn, 13162521169, IT]
DEBUG main druid.sql.Statement - {conn-10001, pstmt-20001} created. select id, name,description from vtauth.role where id in (select distinct roles_id from vtauth.user_roles where user_id =?)
DEBUG main druid.sql.Statement - {conn-10001, pstmt-20001} Parameters : [1]
DEBUG main druid.sql.Statement - {conn-10001, pstmt-20001} Types : [INTEGER]
DEBUG main druid.sql.Statement - {conn-10001, pstmt-20001} executed. 3.054794 millis. select id, name,description from vtauth.role where id in (select distinct roles_id from vtauth.user_roles where user_id =?)
DEBUG main druid.sql.ResultSet - {conn-10001, pstmt-20001, rs-50001} open
DEBUG main druid.sql.ResultSet - {conn-10001, pstmt-20001, rs-50001} Header: [id, name, description]
DEBUG main druid.sql.ResultSet - {conn-10001, pstmt-20001, rs-50001} Result: [1, ROLE_NORMAL, ROLE_NORMAL]
DEBUG main druid.sql.ResultSet - {conn-10001, pstmt-20001, rs-50001} Result: [2, ROLE_ADMIN, ROLE_ADMIN]
DEBUG main druid.sql.ResultSet - {conn-10001, pstmt-20001, rs-50001} closed
DEBUG main druid.sql.Statement - {conn-10001, pstmt-20001} clearParameters. 
DEBUG main druid.sql.ResultSet - {conn-10001, pstmt-20000, rs-50000} closed
DEBUG main druid.sql.Statement - {conn-10001, pstmt-20000} clearParameters. 
DEBUG main druid.sql.Connection - {conn-10001} pool-recycle
DEBUG main druid.sql.Connection - {conn-10001} pool-connect
DEBUG main druid.sql.Statement - {conn-10001, pstmt-20002} created. select id, username, password, email, phone, team from vtauth.user;
DEBUG main druid.sql.Statement - {conn-10001, pstmt-20002} Parameters : []
DEBUG main druid.sql.Statement - {conn-10001, pstmt-20002} Types : []
DEBUG main druid.sql.Statement - {conn-10001, pstmt-20002} executed. 2.589748 millis. select id, username, password, email, phone, team from vtauth.user;
DEBUG main druid.sql.ResultSet - {conn-10001, pstmt-20002, rs-50002} open
DEBUG main druid.sql.ResultSet - {conn-10001, pstmt-20002, rs-50002} Header: [id, username, password, email, phone, team]
DEBUG main druid.sql.ResultSet - {conn-10001, pstmt-20002, rs-50002} Result: [1, admin, $2a$10$Ka/t9IiRxTAgaYAhhbgWKefb.8usnIGO0V138WGrp3b0BgMmY0zpW, shawn.sun@v-test.com.cn, 13162521169, IT]
DEBUG main druid.sql.Statement - {conn-10001, pstmt-20001} Parameters : [1]
DEBUG main druid.sql.Statement - {conn-10001, pstmt-20001} Types : [INTEGER]
DEBUG main druid.sql.Statement - {conn-10001, pstmt-20001} executed. 2.773207 millis. select id, name,description from vtauth.role where id in (select distinct roles_id from vtauth.user_roles where user_id =?)
DEBUG main druid.sql.ResultSet - {conn-10001, pstmt-20001, rs-50003} open
DEBUG main druid.sql.ResultSet - {conn-10001, pstmt-20001, rs-50003} Header: [id, name, description]
DEBUG main druid.sql.ResultSet - {conn-10001, pstmt-20001, rs-50003} Result: [1, ROLE_NORMAL, ROLE_NORMAL]
DEBUG main druid.sql.ResultSet - {conn-10001, pstmt-20001, rs-50003} Result: [2, ROLE_ADMIN, ROLE_ADMIN]
DEBUG main druid.sql.ResultSet - {conn-10001, pstmt-20001, rs-50003} closed
DEBUG main druid.sql.Statement - {conn-10001, pstmt-20001} clearParameters. 
DEBUG main druid.sql.ResultSet - {conn-10001, pstmt-20002, rs-50002} Result: [2, normal, password, yyyyy, 123456, EE]
DEBUG main druid.sql.Statement - {conn-10001, pstmt-20001} Parameters : [2]
DEBUG main druid.sql.Statement - {conn-10001, pstmt-20001} Types : [INTEGER]
DEBUG main druid.sql.Statement - {conn-10001, pstmt-20001} executed. 4.083013 millis. select id, name,description from vtauth.role where id in (select distinct roles_id from vtauth.user_roles where user_id =?)
DEBUG main druid.sql.ResultSet - {conn-10001, pstmt-20001, rs-50004} open
DEBUG main druid.sql.ResultSet - {conn-10001, pstmt-20001, rs-50004} Header: [id, name, description]
DEBUG main druid.sql.ResultSet - {conn-10001, pstmt-20001, rs-50004} closed
DEBUG main druid.sql.Statement - {conn-10001, pstmt-20001} clearParameters. 
DEBUG main druid.sql.ResultSet - {conn-10001, pstmt-20002, rs-50002} closed
DEBUG main druid.sql.Statement - {conn-10001, pstmt-20002} clearParameters. 
DEBUG main druid.sql.Connection - {conn-10001} pool-recycle
DEBUG main druid.sql.Connection - {conn-10001} pool-connect
DEBUG main druid.sql.Statement - {conn-10001, pstmt-20003} created. update vtauth.user set username = ?,password=?,email=?,phone=?,team=? where id=?
DEBUG main druid.sql.Statement - {conn-10001, pstmt-20003} Parameters : [normal, password, yyyyy, 123456, EE, 2]
DEBUG main druid.sql.Statement - {conn-10001, pstmt-20003} Types : [VARCHAR, VARCHAR, VARCHAR, VARCHAR, VARCHAR, INTEGER]
DEBUG main druid.sql.Statement - {conn-10001, pstmt-20003} executed. 3.666179 millis. update vtauth.user set username = ?,password=?,email=?,phone=?,team=? where id=?
DEBUG main druid.sql.Statement - {conn-10001, pstmt-20003} clearParameters. 
DEBUG main druid.sql.Connection - {conn-10001} pool-recycle
DEBUG main druid.sql.Connection - {conn-10001} pool-connect
DEBUG main druid.sql.Statement - {conn-10001, pstmt-20004} created. delete from vtauth.user where username = ?
DEBUG main druid.sql.Statement - {conn-10001, pstmt-20004} Parameters : [normal]
DEBUG main druid.sql.Statement - {conn-10001, pstmt-20004} Types : [VARCHAR]
DEBUG main druid.sql.Statement - {conn-10001, pstmt-20004} executed. 8.808985 millis. delete from vtauth.user where username = ?
DEBUG main druid.sql.Statement - {conn-10001, pstmt-20004} clearParameters. 
DEBUG main druid.sql.Connection - {conn-10001} pool-recycle
DEBUG Thread-5 druid.sql.Statement - {conn-10001, pstmt-20000} closed
DEBUG Thread-5 druid.sql.Statement - {conn-10001, pstmt-20001} closed
DEBUG Thread-5 druid.sql.Statement - {conn-10001, pstmt-20002} closed
DEBUG Thread-5 druid.sql.Statement - {conn-10001, pstmt-20003} closed
DEBUG Thread-5 druid.sql.Statement - {conn-10001, pstmt-20004} closed
DEBUG Thread-5 druid.sql.Connection - {conn-10001} closed
DEBUG Druid-ConnectionPool-Create-297795507 druid.sql.Connection - {conn-10001,procId-91} connected
DEBUG main druid.sql.Connection - {conn-10001} pool-connect
DEBUG main druid.sql.Statement - {conn-10001, pstmt-20000} created. select id, username, password, email, phone, team from vtauth.user where username =?;
DEBUG main druid.sql.Statement - {conn-10001, pstmt-20000} Parameters : [admin]
DEBUG main druid.sql.Statement - {conn-10001, pstmt-20000} Types : [VARCHAR]
DEBUG main druid.sql.Statement - {conn-10001, pstmt-20000} executed. 22.600781 millis. select id, username, password, email, phone, team from vtauth.user where username =?;
DEBUG main druid.sql.ResultSet - {conn-10001, pstmt-20000, rs-50000} open
DEBUG main druid.sql.ResultSet - {conn-10001, pstmt-20000, rs-50000} Header: [id, username, password, email, phone, team]
DEBUG main druid.sql.ResultSet - {conn-10001, pstmt-20000, rs-50000} Result: [1, admin, $2a$10$Ka/t9IiRxTAgaYAhhbgWKefb.8usnIGO0V138WGrp3b0BgMmY0zpW, shawn.sun@v-test.com.cn, 13162521169, IT]
DEBUG main druid.sql.Statement - {conn-10001, pstmt-20001} created. select id, name,description from vtauth.role where id in (select distinct roles_id from vtauth.user_roles where user_id =?)
DEBUG main druid.sql.Statement - {conn-10001, pstmt-20001} Parameters : [1]
DEBUG main druid.sql.Statement - {conn-10001, pstmt-20001} Types : [INTEGER]
DEBUG main druid.sql.Statement - {conn-10001, pstmt-20001} executed. 4.170903 millis. select id, name,description from vtauth.role where id in (select distinct roles_id from vtauth.user_roles where user_id =?)
DEBUG main druid.sql.ResultSet - {conn-10001, pstmt-20001, rs-50001} open
DEBUG main druid.sql.ResultSet - {conn-10001, pstmt-20001, rs-50001} Header: [id, name, description]
DEBUG main druid.sql.ResultSet - {conn-10001, pstmt-20001, rs-50001} Result: [1, ROLE_NORMAL, ROLE_NORMAL]
DEBUG main druid.sql.ResultSet - {conn-10001, pstmt-20001, rs-50001} Result: [2, ROLE_ADMIN, ROLE_ADMIN]
DEBUG main druid.sql.ResultSet - {conn-10001, pstmt-20001, rs-50001} closed
DEBUG main druid.sql.Statement - {conn-10001, pstmt-20001} clearParameters. 
DEBUG main druid.sql.ResultSet - {conn-10001, pstmt-20000, rs-50000} closed
DEBUG main druid.sql.Statement - {conn-10001, pstmt-20000} clearParameters. 
DEBUG main druid.sql.Connection - {conn-10001} pool-recycle
DEBUG main druid.sql.Connection - {conn-10001} pool-connect
DEBUG main druid.sql.Statement - {conn-10001, pstmt-20002} created. select id, username, password, email, phone, team from vtauth.user;
DEBUG main druid.sql.Statement - {conn-10001, pstmt-20002} Parameters : []
DEBUG main druid.sql.Statement - {conn-10001, pstmt-20002} Types : []
DEBUG main druid.sql.Statement - {conn-10001, pstmt-20002} executed. 7.384409 millis. select id, username, password, email, phone, team from vtauth.user;
DEBUG main druid.sql.ResultSet - {conn-10001, pstmt-20002, rs-50002} open
DEBUG main druid.sql.ResultSet - {conn-10001, pstmt-20002, rs-50002} Header: [id, username, password, email, phone, team]
DEBUG main druid.sql.ResultSet - {conn-10001, pstmt-20002, rs-50002} Result: [1, admin, $2a$10$Ka/t9IiRxTAgaYAhhbgWKefb.8usnIGO0V138WGrp3b0BgMmY0zpW, shawn.sun@v-test.com.cn, 13162521169, IT]
DEBUG main druid.sql.Statement - {conn-10001, pstmt-20001} Parameters : [1]
DEBUG main druid.sql.Statement - {conn-10001, pstmt-20001} Types : [INTEGER]
DEBUG main druid.sql.Statement - {conn-10001, pstmt-20001} executed. 4.007924 millis. select id, name,description from vtauth.role where id in (select distinct roles_id from vtauth.user_roles where user_id =?)
DEBUG main druid.sql.ResultSet - {conn-10001, pstmt-20001, rs-50003} open
DEBUG main druid.sql.ResultSet - {conn-10001, pstmt-20001, rs-50003} Header: [id, name, description]
DEBUG main druid.sql.ResultSet - {conn-10001, pstmt-20001, rs-50003} Result: [1, ROLE_NORMAL, ROLE_NORMAL]
DEBUG main druid.sql.ResultSet - {conn-10001, pstmt-20001, rs-50003} Result: [2, ROLE_ADMIN, ROLE_ADMIN]
DEBUG main druid.sql.ResultSet - {conn-10001, pstmt-20001, rs-50003} closed
DEBUG main druid.sql.Statement - {conn-10001, pstmt-20001} clearParameters. 
DEBUG main druid.sql.ResultSet - {conn-10001, pstmt-20002, rs-50002} closed
DEBUG main druid.sql.Statement - {conn-10001, pstmt-20002} clearParameters. 
DEBUG main druid.sql.Connection - {conn-10001} pool-recycle
DEBUG main druid.sql.Connection - {conn-10001} pool-connect
DEBUG main druid.sql.Statement - {conn-10001, pstmt-20003} created. update vtauth.user set username = ?,password=?,email=?,phone=?,team=? where id=?
DEBUG main druid.sql.Statement - {conn-10001, pstmt-20003} Parameters : [normal, password, yyyyy, 123456, EE, 2]
DEBUG main druid.sql.Statement - {conn-10001, pstmt-20003} Types : [VARCHAR, VARCHAR, VARCHAR, VARCHAR, VARCHAR, INTEGER]
DEBUG main druid.sql.Statement - {conn-10001, pstmt-20003} executed. 4.425612 millis. update vtauth.user set username = ?,password=?,email=?,phone=?,team=? where id=?
DEBUG main druid.sql.Statement - {conn-10001, pstmt-20003} clearParameters. 
DEBUG main druid.sql.Connection - {conn-10001} pool-recycle
DEBUG main druid.sql.Connection - {conn-10001} pool-connect
DEBUG main druid.sql.Statement - {conn-10001, pstmt-20004} created. delete from vtauth.user where username = ?
DEBUG main druid.sql.Statement - {conn-10001, pstmt-20004} Parameters : [normal]
DEBUG main druid.sql.Statement - {conn-10001, pstmt-20004} Types : [VARCHAR]
DEBUG main druid.sql.Statement - {conn-10001, pstmt-20004} executed. 5.053636 millis. delete from vtauth.user where username = ?
DEBUG main druid.sql.Statement - {conn-10001, pstmt-20004} clearParameters. 
DEBUG main druid.sql.Connection - {conn-10001} pool-recycle
DEBUG main druid.sql.Connection - {conn-10001} pool-connect
DEBUG main druid.sql.Statement - {conn-10001, pstmt-20005} created. select id, name, description from vtauth.role
DEBUG main druid.sql.Statement - {conn-10001, pstmt-20005} Parameters : []
DEBUG main druid.sql.Statement - {conn-10001, pstmt-20005} Types : []
DEBUG main druid.sql.Statement - {conn-10001, pstmt-20005} executed. 2.540684 millis. select id, name, description from vtauth.role
DEBUG main druid.sql.ResultSet - {conn-10001, pstmt-20005, rs-50004} open
DEBUG main druid.sql.ResultSet - {conn-10001, pstmt-20005, rs-50004} Header: [id, name, description]
DEBUG main druid.sql.ResultSet - {conn-10001, pstmt-20005, rs-50004} Result: [1, ROLE_NORMAL, ROLE_NORMAL]
DEBUG main druid.sql.ResultSet - {conn-10001, pstmt-20005, rs-50004} Result: [2, ROLE_ADMIN, ROLE_ADMIN]
DEBUG main druid.sql.ResultSet - {conn-10001, pstmt-20005, rs-50004} closed
DEBUG main druid.sql.Statement - {conn-10001, pstmt-20005} clearParameters. 
DEBUG main druid.sql.Connection - {conn-10001} pool-recycle
DEBUG main druid.sql.Connection - {conn-10001} pool-connect
DEBUG main druid.sql.Statement - {conn-10001, pstmt-20006} created. select id, name, description from vtauth.role where name=?
DEBUG main druid.sql.Statement - {conn-10001, pstmt-20006} Parameters : [ROLE_NORMAL]
DEBUG main druid.sql.Statement - {conn-10001, pstmt-20006} Types : [VARCHAR]
DEBUG main druid.sql.Statement - {conn-10001, pstmt-20006} executed. 2.794112 millis. select id, name, description from vtauth.role where name=?
DEBUG main druid.sql.ResultSet - {conn-10001, pstmt-20006, rs-50005} open
DEBUG main druid.sql.ResultSet - {conn-10001, pstmt-20006, rs-50005} Header: [id, name, description]
DEBUG main druid.sql.ResultSet - {conn-10001, pstmt-20006, rs-50005} Result: [1, ROLE_NORMAL, ROLE_NORMAL]
DEBUG main druid.sql.ResultSet - {conn-10001, pstmt-20006, rs-50005} closed
DEBUG main druid.sql.Statement - {conn-10001, pstmt-20006} clearParameters. 
DEBUG main druid.sql.Connection - {conn-10001} pool-recycle
DEBUG Thread-5 druid.sql.Statement - {conn-10001, pstmt-20000} closed
DEBUG Thread-5 druid.sql.Statement - {conn-10001, pstmt-20001} closed
DEBUG Thread-5 druid.sql.Statement - {conn-10001, pstmt-20002} closed
DEBUG Thread-5 druid.sql.Statement - {conn-10001, pstmt-20003} closed
DEBUG Thread-5 druid.sql.Statement - {conn-10001, pstmt-20004} closed
DEBUG Thread-5 druid.sql.Statement - {conn-10001, pstmt-20005} closed
DEBUG Thread-5 druid.sql.Statement - {conn-10001, pstmt-20006} closed
DEBUG Thread-5 druid.sql.Connection - {conn-10001} closed
DEBUG Druid-ConnectionPool-Create-297795507 druid.sql.Connection - {conn-10001,procId-92} connected
DEBUG main druid.sql.Connection - {conn-10001} pool-connect
DEBUG main druid.sql.Statement - {conn-10001, pstmt-20000} created. select id, username, password, email, phone, team from vtauth.user where username =?;
DEBUG main druid.sql.Statement - {conn-10001, pstmt-20000} Parameters : [admin]
DEBUG main druid.sql.Statement - {conn-10001, pstmt-20000} Types : [VARCHAR]
DEBUG main druid.sql.Statement - {conn-10001, pstmt-20000} executed. 15.790639 millis. select id, username, password, email, phone, team from vtauth.user where username =?;
DEBUG main druid.sql.ResultSet - {conn-10001, pstmt-20000, rs-50000} open
DEBUG main druid.sql.ResultSet - {conn-10001, pstmt-20000, rs-50000} Header: [id, username, password, email, phone, team]
DEBUG main druid.sql.ResultSet - {conn-10001, pstmt-20000, rs-50000} Result: [1, admin, $2a$10$Ka/t9IiRxTAgaYAhhbgWKefb.8usnIGO0V138WGrp3b0BgMmY0zpW, shawn.sun@v-test.com.cn, 13162521169, IT]
DEBUG main druid.sql.Statement - {conn-10001, pstmt-20001} created. select id, name,description from vtauth.role where id in (select distinct roles_id from vtauth.user_roles where user_id =?)
DEBUG main druid.sql.Statement - {conn-10001, pstmt-20001} Parameters : [1]
DEBUG main druid.sql.Statement - {conn-10001, pstmt-20001} Types : [INTEGER]
DEBUG main druid.sql.Statement - {conn-10001, pstmt-20001} executed. 3.441763 millis. select id, name,description from vtauth.role where id in (select distinct roles_id from vtauth.user_roles where user_id =?)
DEBUG main druid.sql.ResultSet - {conn-10001, pstmt-20001, rs-50001} open
DEBUG main druid.sql.ResultSet - {conn-10001, pstmt-20001, rs-50001} Header: [id, name, description]
DEBUG main druid.sql.ResultSet - {conn-10001, pstmt-20001, rs-50001} Result: [1, ROLE_NORMAL, ROLE_NORMAL]
DEBUG main druid.sql.ResultSet - {conn-10001, pstmt-20001, rs-50001} Result: [2, ROLE_ADMIN, ROLE_ADMIN]
DEBUG main druid.sql.ResultSet - {conn-10001, pstmt-20001, rs-50001} closed
DEBUG main druid.sql.Statement - {conn-10001, pstmt-20001} clearParameters. 
DEBUG main druid.sql.ResultSet - {conn-10001, pstmt-20000, rs-50000} closed
DEBUG main druid.sql.Statement - {conn-10001, pstmt-20000} clearParameters. 
DEBUG main druid.sql.Connection - {conn-10001} pool-recycle
DEBUG main druid.sql.Connection - {conn-10001} pool-connect
DEBUG main druid.sql.Statement - {conn-10001, pstmt-20002} created. select id, username, password, email, phone, team from vtauth.user;
DEBUG main druid.sql.Statement - {conn-10001, pstmt-20002} Parameters : []
DEBUG main druid.sql.Statement - {conn-10001, pstmt-20002} Types : []
DEBUG main druid.sql.Statement - {conn-10001, pstmt-20002} executed. 2.908454 millis. select id, username, password, email, phone, team from vtauth.user;
DEBUG main druid.sql.ResultSet - {conn-10001, pstmt-20002, rs-50002} open
DEBUG main druid.sql.ResultSet - {conn-10001, pstmt-20002, rs-50002} Header: [id, username, password, email, phone, team]
DEBUG main druid.sql.ResultSet - {conn-10001, pstmt-20002, rs-50002} Result: [1, admin, $2a$10$Ka/t9IiRxTAgaYAhhbgWKefb.8usnIGO0V138WGrp3b0BgMmY0zpW, shawn.sun@v-test.com.cn, 13162521169, IT]
DEBUG main druid.sql.Statement - {conn-10001, pstmt-20001} Parameters : [1]
DEBUG main druid.sql.Statement - {conn-10001, pstmt-20001} Types : [INTEGER]
DEBUG main druid.sql.Statement - {conn-10001, pstmt-20001} executed. 2.413116 millis. select id, name,description from vtauth.role where id in (select distinct roles_id from vtauth.user_roles where user_id =?)
DEBUG main druid.sql.ResultSet - {conn-10001, pstmt-20001, rs-50003} open
DEBUG main druid.sql.ResultSet - {conn-10001, pstmt-20001, rs-50003} Header: [id, name, description]
DEBUG main druid.sql.ResultSet - {conn-10001, pstmt-20001, rs-50003} Result: [1, ROLE_NORMAL, ROLE_NORMAL]
DEBUG main druid.sql.ResultSet - {conn-10001, pstmt-20001, rs-50003} Result: [2, ROLE_ADMIN, ROLE_ADMIN]
DEBUG main druid.sql.ResultSet - {conn-10001, pstmt-20001, rs-50003} closed
DEBUG main druid.sql.Statement - {conn-10001, pstmt-20001} clearParameters. 
DEBUG main druid.sql.ResultSet - {conn-10001, pstmt-20002, rs-50002} closed
DEBUG main druid.sql.Statement - {conn-10001, pstmt-20002} clearParameters. 
DEBUG main druid.sql.Connection - {conn-10001} pool-recycle
DEBUG main druid.sql.Connection - {conn-10001} pool-connect
DEBUG main druid.sql.Statement - {conn-10001, pstmt-20003} created. update vtauth.user set username = ?,password=?,email=?,phone=?,team=? where id=?
DEBUG main druid.sql.Statement - {conn-10001, pstmt-20003} Parameters : [normal, password, yyyyy, 123456, EE, 2]
DEBUG main druid.sql.Statement - {conn-10001, pstmt-20003} Types : [VARCHAR, VARCHAR, VARCHAR, VARCHAR, VARCHAR, INTEGER]
DEBUG main druid.sql.Statement - {conn-10001, pstmt-20003} executed. 4.097946 millis. update vtauth.user set username = ?,password=?,email=?,phone=?,team=? where id=?
DEBUG main druid.sql.Statement - {conn-10001, pstmt-20003} clearParameters. 
DEBUG main druid.sql.Connection - {conn-10001} pool-recycle
DEBUG main druid.sql.Connection - {conn-10001} pool-connect
DEBUG main druid.sql.Statement - {conn-10001, pstmt-20004} created. delete from vtauth.user where username = ?
DEBUG main druid.sql.Statement - {conn-10001, pstmt-20004} Parameters : [normal]
DEBUG main druid.sql.Statement - {conn-10001, pstmt-20004} Types : [VARCHAR]
DEBUG main druid.sql.Statement - {conn-10001, pstmt-20004} executed. 3.685379 millis. delete from vtauth.user where username = ?
DEBUG main druid.sql.Statement - {conn-10001, pstmt-20004} clearParameters. 
DEBUG main druid.sql.Connection - {conn-10001} pool-recycle
DEBUG main druid.sql.Connection - {conn-10001} pool-connect
DEBUG main druid.sql.Statement - {conn-10001, pstmt-20005} created. select id, name, description from vtauth.role
DEBUG main druid.sql.Statement - {conn-10001, pstmt-20005} Parameters : []
DEBUG main druid.sql.Statement - {conn-10001, pstmt-20005} Types : []
DEBUG main druid.sql.Statement - {conn-10001, pstmt-20005} executed. 2.533005 millis. select id, name, description from vtauth.role
DEBUG main druid.sql.ResultSet - {conn-10001, pstmt-20005, rs-50004} open
DEBUG main druid.sql.ResultSet - {conn-10001, pstmt-20005, rs-50004} Header: [id, name, description]
DEBUG main druid.sql.ResultSet - {conn-10001, pstmt-20005, rs-50004} Result: [1, ROLE_NORMAL, ROLE_NORMAL]
DEBUG main druid.sql.ResultSet - {conn-10001, pstmt-20005, rs-50004} Result: [2, ROLE_ADMIN, ROLE_ADMIN]
DEBUG main druid.sql.ResultSet - {conn-10001, pstmt-20005, rs-50004} closed
DEBUG main druid.sql.Statement - {conn-10001, pstmt-20005} clearParameters. 
DEBUG main druid.sql.Connection - {conn-10001} pool-recycle
DEBUG main druid.sql.Connection - {conn-10001} pool-connect
DEBUG main druid.sql.Statement - {conn-10001, pstmt-20006} created. select id, name, description from vtauth.role where name=?
DEBUG main druid.sql.Statement - {conn-10001, pstmt-20006} Parameters : [ROLE_NORMAL]
DEBUG main druid.sql.Statement - {conn-10001, pstmt-20006} Types : [VARCHAR]
DEBUG main druid.sql.Statement - {conn-10001, pstmt-20006} executed. 3.087219 millis. select id, name, description from vtauth.role where name=?
DEBUG main druid.sql.ResultSet - {conn-10001, pstmt-20006, rs-50005} open
DEBUG main druid.sql.ResultSet - {conn-10001, pstmt-20006, rs-50005} Header: [id, name, description]
DEBUG main druid.sql.ResultSet - {conn-10001, pstmt-20006, rs-50005} Result: [1, ROLE_NORMAL, ROLE_NORMAL]
DEBUG main druid.sql.ResultSet - {conn-10001, pstmt-20006, rs-50005} closed
DEBUG main druid.sql.Statement - {conn-10001, pstmt-20006} clearParameters. 
DEBUG main druid.sql.Connection - {conn-10001} pool-recycle
DEBUG main druid.sql.Connection - {conn-10001} pool-connect
DEBUG main druid.sql.Statement - {conn-10001, pstmt-20001} Parameters : [1]
DEBUG main druid.sql.Statement - {conn-10001, pstmt-20001} Types : [INTEGER]
DEBUG main druid.sql.Statement - {conn-10001, pstmt-20001} executed. 6.279393 millis. select id, name,description from vtauth.role where id in (select distinct roles_id from vtauth.user_roles where user_id =?)
DEBUG main druid.sql.ResultSet - {conn-10001, pstmt-20001, rs-50006} open
DEBUG main druid.sql.ResultSet - {conn-10001, pstmt-20001, rs-50006} Header: [id, name, description]
DEBUG main druid.sql.ResultSet - {conn-10001, pstmt-20001, rs-50006} Result: [1, ROLE_NORMAL, ROLE_NORMAL]
DEBUG main druid.sql.ResultSet - {conn-10001, pstmt-20001, rs-50006} Result: [2, ROLE_ADMIN, ROLE_ADMIN]
DEBUG main druid.sql.ResultSet - {conn-10001, pstmt-20001, rs-50006} closed
DEBUG main druid.sql.Statement - {conn-10001, pstmt-20001} clearParameters. 
DEBUG main druid.sql.Connection - {conn-10001} pool-recycle
DEBUG main druid.sql.Connection - {conn-10001} pool-connect
DEBUG main druid.sql.Statement - {conn-10001, pstmt-20007} created. insert into vtauth.role(name, description) value (?,?);
DEBUG main druid.sql.Statement - {conn-10001, pstmt-20007} Parameters : [ROLE_TTT, Test]
DEBUG main druid.sql.Statement - {conn-10001, pstmt-20007} Types : [VARCHAR, VARCHAR]
DEBUG main druid.sql.Statement - {conn-10001, pstmt-20007} executed. 6.127507 millis. insert into vtauth.role(name, description) value (?,?);
DEBUG main druid.sql.Statement - {conn-10001, pstmt-20007} clearParameters. 
DEBUG main druid.sql.Connection - {conn-10001} pool-recycle
DEBUG Thread-5 druid.sql.Statement - {conn-10001, pstmt-20000} closed
DEBUG Thread-5 druid.sql.Statement - {conn-10001, pstmt-20002} closed
DEBUG Thread-5 druid.sql.Statement - {conn-10001, pstmt-20003} closed
DEBUG Thread-5 druid.sql.Statement - {conn-10001, pstmt-20004} closed
DEBUG Thread-5 druid.sql.Statement - {conn-10001, pstmt-20005} closed
DEBUG Thread-5 druid.sql.Statement - {conn-10001, pstmt-20006} closed
DEBUG Thread-5 druid.sql.Statement - {conn-10001, pstmt-20001} closed
DEBUG Thread-5 druid.sql.Statement - {conn-10001, pstmt-20007} closed
DEBUG Thread-5 druid.sql.Connection - {conn-10001} closed
DEBUG Druid-ConnectionPool-Create-297795507 druid.sql.Connection - {conn-10001,procId-93} connected
DEBUG main druid.sql.Connection - {conn-10001} pool-connect
DEBUG main druid.sql.Statement - {conn-10001, pstmt-20000} created. delete from vtauth.role where name =?
DEBUG main druid.sql.Statement - {conn-10001, pstmt-20000} Parameters : [ROLE_TTT]
DEBUG main druid.sql.Statement - {conn-10001, pstmt-20000} Types : [VARCHAR]
DEBUG main druid.sql.Statement - {conn-10001, pstmt-20000} executed. 10.770282 millis. delete from vtauth.role where name =?
DEBUG main druid.sql.Statement - {conn-10001, pstmt-20000} clearParameters. 
DEBUG main druid.sql.Connection - {conn-10001} pool-recycle
DEBUG Thread-5 druid.sql.Statement - {conn-10001, pstmt-20000} closed
DEBUG Thread-5 druid.sql.Connection - {conn-10001} closed
DEBUG Druid-ConnectionPool-Create-595273810 druid.sql.Connection - {conn-10001,procId-155} connected
DEBUG main druid.sql.Connection - {conn-10001} pool-connect
DEBUG main druid.sql.Statement - {conn-10001, pstmt-20000} created. insert into vtauth.user(username, password, email, phone, team) value (?,?,?,?,?)
DEBUG main druid.sql.Statement - {conn-10001, pstmt-20000} Parameters : [xufeng.huang, xufeng.huang, xufeng.haung@v-test.com.cn, 11111111111, IT]
DEBUG main druid.sql.Statement - {conn-10001, pstmt-20000} Types : [VARCHAR, VARCHAR, VARCHAR, VARCHAR, VARCHAR]
ERROR main druid.sql.Statement - {conn-10001, pstmt-20000} execute error. insert into vtauth.user(username, password, email, phone, team) value (?,?,?,?,?)
com.mysql.cj.jdbc.exceptions.MysqlDataTruncation: Data truncation: Data too long for column 'username' at row 1
	at com.mysql.cj.jdbc.exceptions.SQLExceptionsMapping.translateException(SQLExceptionsMapping.java:104)
	at com.mysql.cj.jdbc.ClientPreparedStatement.executeInternal(ClientPreparedStatement.java:953)
	at com.mysql.cj.jdbc.ClientPreparedStatement.execute(ClientPreparedStatement.java:370)
	at com.alibaba.druid.filter.FilterChainImpl.preparedStatement_execute(FilterChainImpl.java:3409)
	at com.alibaba.druid.wall.WallFilter.preparedStatement_execute(WallFilter.java:627)
	at com.alibaba.druid.filter.FilterChainImpl.preparedStatement_execute(FilterChainImpl.java:3407)
	at com.alibaba.druid.filter.FilterEventAdapter.preparedStatement_execute(FilterEventAdapter.java:440)
	at com.alibaba.druid.filter.FilterChainImpl.preparedStatement_execute(FilterChainImpl.java:3407)
	at com.alibaba.druid.filter.FilterEventAdapter.preparedStatement_execute(FilterEventAdapter.java:440)
	at com.alibaba.druid.filter.FilterChainImpl.preparedStatement_execute(FilterChainImpl.java:3407)
	at com.alibaba.druid.proxy.jdbc.PreparedStatementProxyImpl.execute(PreparedStatementProxyImpl.java:167)
	at com.alibaba.druid.pool.DruidPooledPreparedStatement.execute(DruidPooledPreparedStatement.java:497)
	at org.apache.ibatis.executor.statement.PreparedStatementHandler.update(PreparedStatementHandler.java:47)
	at org.apache.ibatis.executor.statement.RoutingStatementHandler.update(RoutingStatementHandler.java:74)
	at org.apache.ibatis.executor.SimpleExecutor.doUpdate(SimpleExecutor.java:50)
	at org.apache.ibatis.executor.BaseExecutor.update(BaseExecutor.java:117)
	at org.apache.ibatis.executor.CachingExecutor.update(CachingExecutor.java:76)
	at org.apache.ibatis.session.defaults.DefaultSqlSession.update(DefaultSqlSession.java:197)
	at org.apache.ibatis.session.defaults.DefaultSqlSession.insert(DefaultSqlSession.java:184)
	at sun.reflect.NativeMethodAccessorImpl.invoke0(Native Method)
	at sun.reflect.NativeMethodAccessorImpl.invoke(NativeMethodAccessorImpl.java:62)
	at sun.reflect.DelegatingMethodAccessorImpl.invoke(DelegatingMethodAccessorImpl.java:43)
	at java.lang.reflect.Method.invoke(Method.java:498)
	at org.mybatis.spring.SqlSessionTemplate$SqlSessionInterceptor.invoke(SqlSessionTemplate.java:433)
	at com.sun.proxy.$Proxy139.insert(Unknown Source)
	at org.mybatis.spring.SqlSessionTemplate.insert(SqlSessionTemplate.java:278)
	at org.apache.ibatis.binding.MapperMethod.execute(MapperMethod.java:62)
	at org.apache.ibatis.binding.MapperProxy.invoke(MapperProxy.java:58)
	at com.sun.proxy.$Proxy143.register(Unknown Source)
	at sun.reflect.NativeMethodAccessorImpl.invoke0(Native Method)
	at sun.reflect.NativeMethodAccessorImpl.invoke(NativeMethodAccessorImpl.java:62)
	at sun.reflect.DelegatingMethodAccessorImpl.invoke(DelegatingMethodAccessorImpl.java:43)
	at java.lang.reflect.Method.invoke(Method.java:498)
	at org.springframework.aop.support.AopUtils.invokeJoinpointUsingReflection(AopUtils.java:343)
	at org.springframework.aop.framework.ReflectiveMethodInvocation.invokeJoinpoint(ReflectiveMethodInvocation.java:198)
	at org.springframework.aop.framework.ReflectiveMethodInvocation.proceed(ReflectiveMethodInvocation.java:163)
	at org.springframework.dao.support.PersistenceExceptionTranslationInterceptor.invoke(PersistenceExceptionTranslationInterceptor.java:139)
	at org.springframework.aop.framework.ReflectiveMethodInvocation.proceed(ReflectiveMethodInvocation.java:186)
	at org.springframework.aop.framework.JdkDynamicAopProxy.invoke(JdkDynamicAopProxy.java:212)
	at com.sun.proxy.$Proxy144.register(Unknown Source)
	at com.vtest.it.springclouduserservice.dao.auth.UserDaoTest.test(UserDaoTest.java:26)
	at sun.reflect.NativeMethodAccessorImpl.invoke0(Native Method)
	at sun.reflect.NativeMethodAccessorImpl.invoke(NativeMethodAccessorImpl.java:62)
	at sun.reflect.DelegatingMethodAccessorImpl.invoke(DelegatingMethodAccessorImpl.java:43)
	at java.lang.reflect.Method.invoke(Method.java:498)
	at org.junit.runners.model.FrameworkMethod$1.runReflectiveCall(FrameworkMethod.java:50)
	at org.junit.internal.runners.model.ReflectiveCallable.run(ReflectiveCallable.java:12)
	at org.junit.runners.model.FrameworkMethod.invokeExplosively(FrameworkMethod.java:47)
	at org.junit.internal.runners.statements.InvokeMethod.evaluate(InvokeMethod.java:17)
	at org.springframework.test.context.junit4.statements.RunBeforeTestExecutionCallbacks.evaluate(RunBeforeTestExecutionCallbacks.java:74)
	at org.springframework.test.context.junit4.statements.RunAfterTestExecutionCallbacks.evaluate(RunAfterTestExecutionCallbacks.java:84)
	at org.springframework.test.context.junit4.statements.RunBeforeTestMethodCallbacks.evaluate(RunBeforeTestMethodCallbacks.java:75)
	at org.springframework.test.context.junit4.statements.RunAfterTestMethodCallbacks.evaluate(RunAfterTestMethodCallbacks.java:86)
	at org.springframework.test.context.junit4.statements.SpringRepeat.evaluate(SpringRepeat.java:84)
	at org.junit.runners.ParentRunner.runLeaf(ParentRunner.java:325)
	at org.springframework.test.context.junit4.SpringJUnit4ClassRunner.runChild(SpringJUnit4ClassRunner.java:251)
	at org.springframework.test.context.junit4.SpringJUnit4ClassRunner.runChild(SpringJUnit4ClassRunner.java:97)
	at org.junit.runners.ParentRunner$3.run(ParentRunner.java:290)
	at org.junit.runners.ParentRunner$1.schedule(ParentRunner.java:71)
	at org.junit.runners.ParentRunner.runChildren(ParentRunner.java:288)
	at org.junit.runners.ParentRunner.access$000(ParentRunner.java:58)
	at org.junit.runners.ParentRunner$2.evaluate(ParentRunner.java:268)
	at org.springframework.test.context.junit4.statements.RunBeforeTestClassCallbacks.evaluate(RunBeforeTestClassCallbacks.java:61)
	at org.springframework.test.context.junit4.statements.RunAfterTestClassCallbacks.evaluate(RunAfterTestClassCallbacks.java:70)
	at org.junit.runners.ParentRunner.run(ParentRunner.java:363)
	at org.springframework.test.context.junit4.SpringJUnit4ClassRunner.run(SpringJUnit4ClassRunner.java:190)
	at org.junit.runner.JUnitCore.run(JUnitCore.java:137)
	at com.intellij.junit4.JUnit4IdeaTestRunner.startRunnerWithArgs(JUnit4IdeaTestRunner.java:68)
	at com.intellij.rt.execution.junit.IdeaTestRunner$Repeater.startRunnerWithArgs(IdeaTestRunner.java:47)
	at com.intellij.rt.execution.junit.JUnitStarter.prepareStreamsAndStart(JUnitStarter.java:242)
	at com.intellij.rt.execution.junit.JUnitStarter.main(JUnitStarter.java:70)
DEBUG main druid.sql.Statement - {conn-10001, pstmt-20000} clearParameters. 
DEBUG main druid.sql.Statement - {conn-10001, pstmt-20000} closed
DEBUG main druid.sql.Connection - {conn-10001} pool-recycle
DEBUG main druid.sql.Connection - {conn-10001} pool-connect
DEBUG main druid.sql.Connection - {conn-10001} pool-recycle
DEBUG Thread-5 druid.sql.Connection - {conn-10001} closed
DEBUG Druid-ConnectionPool-Create-595273810 druid.sql.Connection - {conn-10001,procId-158} connected
DEBUG main druid.sql.Connection - {conn-10001} pool-connect
DEBUG main druid.sql.Statement - {conn-10001, pstmt-20000} created. insert into vtauth.user(username, password, email, phone, team) value (?,?,?,?,?)
DEBUG main druid.sql.Statement - {conn-10001, pstmt-20000} Parameters : [xufeng, xufeng.huang, xufeng.haung@v-test.com.cn, 11111111111, IT]
DEBUG main druid.sql.Statement - {conn-10001, pstmt-20000} Types : [VARCHAR, VARCHAR, VARCHAR, VARCHAR, VARCHAR]
DEBUG main druid.sql.Statement - {conn-10001, pstmt-20000} executed. 11.049309 millis. insert into vtauth.user(username, password, email, phone, team) value (?,?,?,?,?)
DEBUG main druid.sql.ResultSet - {conn-10001, pstmt-20000, rs-50000} open
DEBUG main druid.sql.ResultSet - {conn-10001, pstmt-20000, rs-50000} Header: [GENERATED_KEY]
DEBUG main druid.sql.ResultSet - {conn-10001, pstmt-20000, rs-50000} Result: [4]
DEBUG main druid.sql.ResultSet - {conn-10001, pstmt-20000, rs-50000} closed
DEBUG main druid.sql.Statement - {conn-10001, pstmt-20000} clearParameters. 
DEBUG main druid.sql.Connection - {conn-10001} pool-recycle
DEBUG Thread-5 druid.sql.Statement - {conn-10001, pstmt-20000} closed
DEBUG Thread-5 druid.sql.Connection - {conn-10001} closed
DEBUG Druid-ConnectionPool-Create-371037638 druid.sql.Connection - {conn-10001,procId-159} connected
DEBUG main druid.sql.Connection - {conn-10001} pool-connect
DEBUG main druid.sql.Statement - {conn-10001, pstmt-20000} created. insert into vtauth.user(username, password, email, phone, team) value (?,?,?,?,?)
DEBUG main druid.sql.Statement - {conn-10001, pstmt-20000} Parameters : [xufeng, xufeng.huang, xufeng.haung@v-test.com.cn, 11111111111, IT]
DEBUG main druid.sql.Statement - {conn-10001, pstmt-20000} Types : [VARCHAR, VARCHAR, VARCHAR, VARCHAR, VARCHAR]
DEBUG main druid.sql.Statement - {conn-10001, pstmt-20000} executed. 10.112819 millis. insert into vtauth.user(username, password, email, phone, team) value (?,?,?,?,?)
DEBUG main druid.sql.ResultSet - {conn-10001, pstmt-20000, rs-50000} open
DEBUG main druid.sql.ResultSet - {conn-10001, pstmt-20000, rs-50000} Header: [GENERATED_KEY]
DEBUG main druid.sql.ResultSet - {conn-10001, pstmt-20000, rs-50000} Result: [5]
DEBUG main druid.sql.ResultSet - {conn-10001, pstmt-20000, rs-50000} closed
DEBUG main druid.sql.Statement - {conn-10001, pstmt-20000} clearParameters. 
DEBUG main druid.sql.Connection - {conn-10001} pool-recycle
DEBUG main druid.sql.Connection - {conn-10001} pool-connect
DEBUG main druid.sql.Statement - {conn-10001, pstmt-20001} created. delete  from user_roles where user_id =?
DEBUG main druid.sql.Statement - {conn-10001, pstmt-20001} Parameters : [5]
DEBUG main druid.sql.Statement - {conn-10001, pstmt-20001} Types : [INTEGER]
DEBUG main druid.sql.Statement - {conn-10001, pstmt-20001} executed. 7.266655 millis. delete  from user_roles where user_id =?
DEBUG main druid.sql.Statement - {conn-10001, pstmt-20001} clearParameters. 
DEBUG main druid.sql.Connection - {conn-10001} pool-recycle
DEBUG main druid.sql.Connection - {conn-10001} pool-connect
DEBUG main druid.sql.Statement - {conn-10001, pstmt-20002} created. insert into user_roles (user_id, roles_id) values
         (?,?),
            
                (?,?)
DEBUG main druid.sql.Statement - {conn-10001, pstmt-20002} Parameters : [5, 1, 5, 2]
DEBUG main druid.sql.Statement - {conn-10001, pstmt-20002} Types : [INTEGER, INTEGER, INTEGER, INTEGER]
DEBUG main druid.sql.Statement - {conn-10001, pstmt-20002} executed. 11.857379 millis. insert into user_roles (user_id, roles_id) values
         (?,?),
            
                (?,?)
DEBUG main druid.sql.Statement - {conn-10001, pstmt-20002} clearParameters. 
DEBUG main druid.sql.Connection - {conn-10001} pool-recycle
DEBUG Thread-5 druid.sql.Statement - {conn-10001, pstmt-20000} closed
DEBUG Thread-5 druid.sql.Statement - {conn-10001, pstmt-20001} closed
DEBUG Thread-5 druid.sql.Statement - {conn-10001, pstmt-20002} closed
DEBUG Thread-5 druid.sql.Connection - {conn-10001} closed
DEBUG Druid-ConnectionPool-Create-1150081863 druid.sql.Connection - {conn-10001,procId-160} connected
DEBUG main druid.sql.Connection - {conn-10001} pool-connect
DEBUG main druid.sql.Connection - {conn-10001} setAutoCommit false
DEBUG main druid.sql.Statement - {conn-10001, pstmt-20000} created. insert into vtauth.user(username, password, email, phone, team) value (?,?,?,?,?)
DEBUG main druid.sql.Statement - {conn-10001, pstmt-20000} Parameters : [jiahao, jiahao, jiahao.haung@v-test.com.cn, 11111111111, IT]
DEBUG main druid.sql.Statement - {conn-10001, pstmt-20000} Types : [VARCHAR, VARCHAR, VARCHAR, VARCHAR, VARCHAR]
DEBUG main druid.sql.Statement - {conn-10001, pstmt-20000} executed. 9.814592 millis. insert into vtauth.user(username, password, email, phone, team) value (?,?,?,?,?)
DEBUG main druid.sql.ResultSet - {conn-10001, pstmt-20000, rs-50000} open
DEBUG main druid.sql.ResultSet - {conn-10001, pstmt-20000, rs-50000} Header: [GENERATED_KEY]
DEBUG main druid.sql.ResultSet - {conn-10001, pstmt-20000, rs-50000} Result: [6]
DEBUG main druid.sql.ResultSet - {conn-10001, pstmt-20000, rs-50000} closed
DEBUG main druid.sql.Statement - {conn-10001, pstmt-20000} clearParameters. 
DEBUG main druid.sql.Statement - {conn-10001, pstmt-20001} created. insert into user_roles (user_id, roles_id) values
         (?,?)
DEBUG main druid.sql.Statement - {conn-10001, pstmt-20001} Parameters : [6, 1]
DEBUG main druid.sql.Statement - {conn-10001, pstmt-20001} Types : [INTEGER, INTEGER]
DEBUG main druid.sql.Statement - {conn-10001, pstmt-20001} executed. 8.023954 millis. insert into user_roles (user_id, roles_id) values
         (?,?)
DEBUG main druid.sql.Statement - {conn-10001, pstmt-20001} clearParameters. 
DEBUG main druid.sql.Connection - {conn-10001} commited
DEBUG main druid.sql.Connection - {conn-10001} setAutoCommit true
DEBUG main druid.sql.Connection - {conn-10001} pool-recycle
DEBUG Thread-5 druid.sql.Statement - {conn-10001, pstmt-20000} closed
DEBUG Thread-5 druid.sql.Statement - {conn-10001, pstmt-20001} closed
DEBUG Thread-5 druid.sql.Connection - {conn-10001} closed
